#
# A fatal error has been detected by the Java Runtime Environment:
#
#  EXCEPTION_ACCESS_VIOLATION (0xc0000005) at pc=0x000000006d585957, pid=5804, tid=5452
#
# JRE version: Java(TM) SE Runtime Environment (8.0_73-b02) (build 1.8.0_73-b02)
# Java VM: Java HotSpot(TM) 64-Bit Server VM (25.73-b02 mixed mode windows-amd64 compressed oops)
# Problematic frame:
# C  [sqlite-3.8.11.2-118cceff-7395-4e6f-8db2-e980ece58ec1-sqlitejdbc.dll+0x5957]
#
# Failed to write core dump. Minidumps are not enabled by default on client versions of Windows
#
# If you would like to submit a bug report, please visit:
#   http://bugreport.java.com/bugreport/crash.jsp
# The crash happened outside the Java Virtual Machine in native code.
# See problematic frame for where to report the bug.
#

---------------  T H R E A D  ---------------

Current thread (0x000000001d4a2800):  JavaThread "Thread-9" [_thread_in_native, id=5452, stack(0x00000000204f0000,0x00000000205f0000)]

siginfo: ExceptionCode=0xc0000005, reading address 0x0000000036a51ad0

Registers:
RAX=0x0000000000000000, RBX=0x0000000021d23218, RCX=0x0000000036a51a48, RDX=0x00000000205eed98
RSP=0x00000000205eecd8, RBP=0x00000000205eed68, RSI=0x0000000000000064, RDI=0x00000000029b7730
R8 =0x0000000036a51a48, R9 =0x0000000019950a00, R10=0x00000000029c690b, R11=0x0000000063989530
R12=0x0000000000000000, R13=0x0000000021d23218, R14=0x00000000205eed98, R15=0x000000001d4a2800
RIP=0x000000006d585957, EFLAGS=0x0000000000010206

Top of Stack: (sp=0x00000000205eecd8)
0x00000000205eecd8:   00000000029c6937 00000000029b7730
0x00000000205eece8:   00000000029c66df 000000001d4a2800
0x00000000205eecf8:   0000000021d23218 00000000029c6699
0x00000000205eed08:   0000000000000003 00000000029c6699
0x00000000205eed18:   0000000000000003 00000000d9d94808
0x00000000205eed28:   00000000205eed18 0000000021d23218
0x00000000205eed38:   00000000205eed98 0000000021d64228
0x00000000205eed48:   0000000000000000 0000000021d23218
0x00000000205eed58:   0000000000000000 00000000205eed88
0x00000000205eed68:   00000000205eede0 00000000029b7730
0x00000000205eed78:   0000000000000000 00000000029bf976
0x00000000205eed88:   0000000036a51a48 00000000029b74c0
0x00000000205eed98:   00000000d9d94808 00000000205eeda0
0x00000000205eeda8:   0000000021d6c9c0 00000000205eedf0
0x00000000205eedb8:   0000000021dddc68 0000000000000000
0x00000000205eedc8:   0000000021d6ca30 00000000205eed88 

Instructions: (pc=0x000000006d585957)
0x000000006d585937:   2e 0f 1f 84 00 00 00 00 00 48 8b 41 10 8b 40 0c
0x000000006d585947:   c3 0f 1f 84 00 00 00 00 00 31 c0 48 85 c9 74 07
0x000000006d585957:   0f b7 81 88 00 00 00 f3 c3 31 c0 48 85 c9 74 0e
0x000000006d585967:   48 83 79 28 00 74 07 0f b7 81 88 00 00 00 f3 c3 


Register to memory mapping:

RAX=0x0000000000000000 is an unknown value
RBX={method} {0x0000000021d23220} 'column_count' '(J)I' in 'org/sqlite/core/NativeDB'
RCX=0x0000000036a51a48 is an unknown value
RDX=0x00000000205eed98 is pointing into the stack for thread: 0x000000001d4a2800
RSP=0x00000000205eecd8 is pointing into the stack for thread: 0x000000001d4a2800
RBP=0x00000000205eed68 is pointing into the stack for thread: 0x000000001d4a2800
RSI=0x0000000000000064 is an unknown value
RDI=0x00000000029b7730 is at code_begin+624 in an Interpreter codelet
invoke return entry points  [0x00000000029b74c0, 0x00000000029b7dc0]  2304 bytes
R8 =0x0000000036a51a48 is an unknown value
R9 =0x0000000019950a00 is an unknown value
R10=0x00000000029c690b is at code_begin+1227 in an Interpreter codelet
method entry point (kind = native_synchronized)  [0x00000000029c6440, 0x00000000029c6f20]  2784 bytes
R11=0x0000000063989530 is an unknown value
R12=0x0000000000000000 is an unknown value
R13={method} {0x0000000021d23220} 'column_count' '(J)I' in 'org/sqlite/core/NativeDB'
R14=0x00000000205eed98 is pointing into the stack for thread: 0x000000001d4a2800
R15=0x000000001d4a2800 is a thread


Stack: [0x00000000204f0000,0x00000000205f0000],  sp=0x00000000205eecd8,  free space=1019k
Native frames: (J=compiled Java code, j=interpreted, Vv=VM code, C=native code)
C  [sqlite-3.8.11.2-118cceff-7395-4e6f-8db2-e980ece58ec1-sqlitejdbc.dll+0x5957]
C  0x00000000029c6937

Java frames: (J=compiled Java code, j=interpreted, Vv=VM code)
j  org.sqlite.core.NativeDB.column_count(J)I+0
j  org.sqlite.jdbc3.JDBC3Statement.getResultSet()Ljava/sql/ResultSet;+32
j  org.sqlite.jdbc3.JDBC3Statement.executeQuery(Ljava/lang/String;)Ljava/sql/ResultSet;+43
j  dashboard.view.MetricsUpdater.updateMetricsTable()V+342
j  dashboard.view.MetricsUpdater.run()V+1
j  java.lang.Thread.run()V+11
v  ~StubRoutines::call_stub

---------------  P R O C E S S  ---------------

Java Threads: ( => current thread )
  0x000000001d4a6000 JavaThread "DestroyJavaVM" [_thread_blocked, id=32, stack(0x00000000027b0000,0x00000000028b0000)]
=>0x000000001d4a2800 JavaThread "Thread-9" [_thread_in_native, id=5452, stack(0x00000000204f0000,0x00000000205f0000)]
  0x000000001d4a1800 JavaThread "AWT-Windows" daemon [_thread_in_native, id=8528, stack(0x0000000021b70000,0x0000000021c70000)]
  0x000000001ccb4000 JavaThread "Java2D Disposer" daemon [_thread_blocked, id=7996, stack(0x000000001ffd0000,0x00000000200d0000)]
  0x0000000019b42800 JavaThread "Prism Font Disposer" daemon [_thread_blocked, id=6728, stack(0x000000001ed70000,0x000000001ee70000)]
  0x0000000019272000 JavaThread "Thread-3" daemon [_thread_in_native, id=3588, stack(0x000000001bba0000,0x000000001bca0000)]
  0x0000000019594800 JavaThread "Thread-2" daemon [_thread_blocked, id=632, stack(0x000000001a200000,0x000000001a300000)]
  0x000000001758e000 JavaThread "Service Thread" daemon [_thread_blocked, id=9620, stack(0x0000000019280000,0x0000000019380000)]
  0x000000001753f800 JavaThread "C1 CompilerThread2" daemon [_thread_blocked, id=9424, stack(0x0000000018d80000,0x0000000018e80000)]
  0x000000001753a000 JavaThread "C2 CompilerThread1" daemon [_thread_blocked, id=3224, stack(0x0000000018c80000,0x0000000018d80000)]
  0x0000000017529000 JavaThread "C2 CompilerThread0" daemon [_thread_blocked, id=6596, stack(0x0000000018b80000,0x0000000018c80000)]
  0x0000000017527800 JavaThread "Attach Listener" daemon [_thread_blocked, id=5952, stack(0x0000000018a80000,0x0000000018b80000)]
  0x0000000017526000 JavaThread "Signal Dispatcher" daemon [_thread_blocked, id=4560, stack(0x0000000018980000,0x0000000018a80000)]
  0x00000000029a6800 JavaThread "Finalizer" daemon [_thread_blocked, id=8392, stack(0x0000000018790000,0x0000000018890000)]
  0x000000000299e000 JavaThread "Reference Handler" daemon [_thread_blocked, id=1152, stack(0x0000000018690000,0x0000000018790000)]

Other Threads:
  0x00000000174f7000 VMThread [stack: 0x0000000018590000,0x0000000018690000] [id=4588]
  0x0000000018eca000 WatcherThread [stack: 0x0000000019380000,0x0000000019480000] [id=9248]

VM state:not at safepoint (normal execution)

VM Mutex/Monitor currently owned by a thread: None

Heap:
 PSYoungGen      total 70656K, used 68783K [0x00000000d5b80000, 0x00000000dc980000, 0x0000000100000000)
  eden space 65536K, 97% used [0x00000000d5b80000,0x00000000d9a23c10,0x00000000d9b80000)
  from space 5120K, 90% used [0x00000000d9b80000,0x00000000da008000,0x00000000da080000)
  to   space 12288K, 0% used [0x00000000dbd80000,0x00000000dbd80000,0x00000000dc980000)
 ParOldGen       total 62464K, used 13741K [0x0000000081200000, 0x0000000084f00000, 0x00000000d5b80000)
  object space 62464K, 21% used [0x0000000081200000,0x0000000081f6b7d8,0x0000000084f00000)
 Metaspace       used 25781K, capacity 27540K, committed 27776K, reserved 1073152K
  class space    used 3528K, capacity 3868K, committed 3968K, reserved 1048576K

Card table byte_map: [0x0000000011d70000,0x0000000012170000] byte_map_base: 0x0000000011967000

Marking Bits: (ParMarkBitMap*) 0x0000000063f70600
 Begin Bits: [0x0000000012820000, 0x00000000147d8000)
 End Bits:   [0x00000000147d8000, 0x0000000016790000)

Polling page: 0x0000000002740000

CodeCache: size=245760Kb used=17685Kb max_used=17885Kb free=228074Kb
 bounds [0x00000000029b0000, 0x0000000003b40000, 0x00000000119b0000]
 total_blobs=5581 nmethods=4839 adapters=652
 compilation: enabled

Compilation events (10 events):
Event: 64.054 Thread 0x0000000017529000 5659       4       com.sun.javafx.sg.prism.NGRegion::renderBackgroundRectangle (1152 bytes)
Event: 64.076 Thread 0x000000001753f800 nmethod 5655 0x0000000003303550 code [0x0000000003303700, 0x0000000003303f58]
Event: 64.076 Thread 0x000000001753f800 5656       3       com.sun.javafx.scene.control.skin.TableRowSkin::getTableColumnBase (9 bytes)
Event: 64.077 Thread 0x000000001753f800 nmethod 5656 0x0000000003269450 code [0x00000000032695e0, 0x0000000003269b28]
Event: 64.077 Thread 0x000000001753f800 5657       3       com.sun.javafx.scene.control.skin.TableRowSkin::getTableColumnBase (5 bytes)
Event: 64.078 Thread 0x000000001753f800 nmethod 5657 0x0000000003268bd0 code [0x0000000003268d60, 0x0000000003269288]
Event: 64.078 Thread 0x000000001753f800 5658       3       com.sun.javafx.scene.control.skin.TableCellSkinBase::computePrefWidth (28 bytes)
Event: 64.078 Thread 0x000000001753f800 nmethod 5658 0x0000000003302f10 code [0x00000000033030a0, 0x00000000033033e8]
Event: 64.206 Thread 0x000000001753a000 nmethod 5651 0x0000000003490250 code [0x0000000003490800, 0x00000000034933b8]
Event: 64.230 Thread 0x0000000017529000 nmethod 5659 0x00000000031e8290 code [0x00000000031e87a0, 0x00000000031ece58]

GC Heap History (10 events):
Event: 6.189 GC heap before
{Heap before GC invocations=2 (full 0):
 PSYoungGen      total 38400K, used 38368K [0x00000000d5b80000, 0x00000000da680000, 0x0000000100000000)
  eden space 33280K, 100% used [0x00000000d5b80000,0x00000000d7c00000,0x00000000d7c00000)
  from space 5120K, 99% used [0x00000000d7c00000,0x00000000d80f8090,0x00000000d8100000)
  to   space 5120K, 0% used [0x00000000da180000,0x00000000da180000,0x00000000da680000)
 ParOldGen       total 87552K, used 3603K [0x0000000081200000, 0x0000000086780000, 0x00000000d5b80000)
  object space 87552K, 4% used [0x0000000081200000,0x0000000081584c20,0x0000000086780000)
 Metaspace       used 19432K, capacity 20650K, committed 20864K, reserved 1067008K
  class space    used 2938K, capacity 3193K, committed 3200K, reserved 1048576K
Event: 6.200 GC heap after
Heap after GC invocations=2 (full 0):
 PSYoungGen      total 38400K, used 5104K [0x00000000d5b80000, 0x00000000da680000, 0x0000000100000000)
  eden space 33280K, 0% used [0x00000000d5b80000,0x00000000d5b80000,0x00000000d7c00000)
  from space 5120K, 99% used [0x00000000da180000,0x00000000da67c0b0,0x00000000da680000)
  to   space 5120K, 0% used [0x00000000d7c00000,0x00000000d7c00000,0x00000000d8100000)
 ParOldGen       total 87552K, used 9005K [0x0000000081200000, 0x0000000086780000, 0x00000000d5b80000)
  object space 87552K, 10% used [0x0000000081200000,0x0000000081acb730,0x0000000086780000)
 Metaspace       used 19432K, capacity 20650K, committed 20864K, reserved 1067008K
  class space    used 2938K, capacity 3193K, committed 3200K, reserved 1048576K
}
Event: 6.268 GC heap before
{Heap before GC invocations=3 (full 0):
 PSYoungGen      total 38400K, used 7022K [0x00000000d5b80000, 0x00000000da680000, 0x0000000100000000)
  eden space 33280K, 5% used [0x00000000d5b80000,0x00000000d5d5f8d0,0x00000000d7c00000)
  from space 5120K, 99% used [0x00000000da180000,0x00000000da67c0b0,0x00000000da680000)
  to   space 5120K, 0% used [0x00000000d7c00000,0x00000000d7c00000,0x00000000d8100000)
 ParOldGen       total 87552K, used 9005K [0x0000000081200000, 0x0000000086780000, 0x00000000d5b80000)
  object space 87552K, 10% used [0x0000000081200000,0x0000000081acb730,0x0000000086780000)
 Metaspace       used 19912K, capacity 21132K, committed 21248K, reserved 1067008K
  class space    used 2990K, capacity 3240K, committed 3328K, reserved 1048576K
Event: 6.275 GC heap after
Heap after GC invocations=3 (full 0):
 PSYoungGen      total 38400K, used 2144K [0x00000000d5b80000, 0x00000000da680000, 0x0000000100000000)
  eden space 33280K, 0% used [0x00000000d5b80000,0x00000000d5b80000,0x00000000d7c00000)
  from space 5120K, 41% used [0x00000000d7c00000,0x00000000d7e18030,0x00000000d8100000)
  to   space 5120K, 0% used [0x00000000da180000,0x00000000da180000,0x00000000da680000)
 ParOldGen       total 87552K, used 12333K [0x0000000081200000, 0x0000000086780000, 0x00000000d5b80000)
  object space 87552K, 14% used [0x0000000081200000,0x0000000081e0b7c0,0x0000000086780000)
 Metaspace       used 19912K, capacity 21132K, committed 21248K, reserved 1067008K
  class space    used 2990K, capacity 3240K, committed 3328K, reserved 1048576K
}
Event: 6.275 GC heap before
{Heap before GC invocations=4 (full 1):
 PSYoungGen      total 38400K, used 2144K [0x00000000d5b80000, 0x00000000da680000, 0x0000000100000000)
  eden space 33280K, 0% used [0x00000000d5b80000,0x00000000d5b80000,0x00000000d7c00000)
  from space 5120K, 41% used [0x00000000d7c00000,0x00000000d7e18030,0x00000000d8100000)
  to   space 5120K, 0% used [0x00000000da180000,0x00000000da180000,0x00000000da680000)
 ParOldGen       total 87552K, used 12333K [0x0000000081200000, 0x0000000086780000, 0x00000000d5b80000)
  object space 87552K, 14% used [0x0000000081200000,0x0000000081e0b7c0,0x0000000086780000)
 Metaspace       used 19912K, capacity 21132K, committed 21248K, reserved 1067008K
  class space    used 2990K, capacity 3240K, committed 3328K, reserved 1048576K
Event: 6.358 GC heap after
Heap after GC invocations=4 (full 1):
 PSYoungGen      total 38400K, used 0K [0x00000000d5b80000, 0x00000000da680000, 0x0000000100000000)
  eden space 33280K, 0% used [0x00000000d5b80000,0x00000000d5b80000,0x00000000d7c00000)
  from space 5120K, 0% used [0x00000000d7c00000,0x00000000d7c00000,0x00000000d8100000)
  to   space 5120K, 0% used [0x00000000da180000,0x00000000da180000,0x00000000da680000)
 ParOldGen       total 62464K, used 13554K [0x0000000081200000, 0x0000000084f00000, 0x00000000d5b80000)
  object space 62464K, 21% used [0x0000000081200000,0x0000000081f3cb20,0x0000000084f00000)
 Metaspace       used 19912K, capacity 21132K, committed 21248K, reserved 1067008K
  class space    used 2990K, capacity 3240K, committed 3328K, reserved 1048576K
}
Event: 12.090 GC heap before
{Heap before GC invocations=5 (full 1):
 PSYoungGen      total 38400K, used 33280K [0x00000000d5b80000, 0x00000000da680000, 0x0000000100000000)
  eden space 33280K, 100% used [0x00000000d5b80000,0x00000000d7c00000,0x00000000d7c00000)
  from space 5120K, 0% used [0x00000000d7c00000,0x00000000d7c00000,0x00000000d8100000)
  to   space 5120K, 0% used [0x00000000da180000,0x00000000da180000,0x00000000da680000)
 ParOldGen       total 62464K, used 13554K [0x0000000081200000, 0x0000000084f00000, 0x00000000d5b80000)
  object space 62464K, 21% used [0x0000000081200000,0x0000000081f3cb20,0x0000000084f00000)
 Metaspace       used 24739K, capacity 26376K, committed 26624K, reserved 1073152K
  class space    used 3497K, capacity 3780K, committed 3840K, reserved 1048576K
Event: 12.104 GC heap after
Heap after GC invocations=5 (full 1):
 PSYoungGen      total 59392K, used 3718K [0x00000000d5b80000, 0x00000000da580000, 0x0000000100000000)
  eden space 55296K, 0% used [0x00000000d5b80000,0x00000000d5b80000,0x00000000d9180000)
  from space 4096K, 90% used [0x00000000da180000,0x00000000da521af8,0x00000000da580000)
  to   space 5120K, 0% used [0x00000000d9b80000,0x00000000d9b80000,0x00000000da080000)
 ParOldGen       total 62464K, used 13562K [0x0000000081200000, 0x0000000084f00000, 0x00000000d5b80000)
  object space 62464K, 21% used [0x0000000081200000,0x0000000081f3eb20,0x0000000084f00000)
 Metaspace       used 24739K, capacity 26376K, committed 26624K, reserved 1073152K
  class space    used 3497K, capacity 3780K, committed 3840K, reserved 1048576K
}
Event: 37.650 GC heap before
{Heap before GC invocations=6 (full 1):
 PSYoungGen      total 59392K, used 59014K [0x00000000d5b80000, 0x00000000da580000, 0x0000000100000000)
  eden space 55296K, 100% used [0x00000000d5b80000,0x00000000d9180000,0x00000000d9180000)
  from space 4096K, 90% used [0x00000000da180000,0x00000000da521af8,0x00000000da580000)
  to   space 5120K, 0% used [0x00000000d9b80000,0x00000000d9b80000,0x00000000da080000)
 ParOldGen       total 62464K, used 13733K [0x0000000081200000, 0x0000000084f00000, 0x00000000d5b80000)
  object space 62464K, 21% used [0x0000000081200000,0x0000000081f697d8,0x0000000084f00000)
 Metaspace       used 25563K, capacity 27256K, committed 27520K, reserved 1073152K
  class space    used 3523K, capacity 3862K, committed 3968K, reserved 1048576K
Event: 37.659 GC heap after
Heap after GC invocations=6 (full 1):
 PSYoungGen      total 70656K, used 4640K [0x00000000d5b80000, 0x00000000dc980000, 0x0000000100000000)
  eden space 65536K, 0% used [0x00000000d5b80000,0x00000000d5b80000,0x00000000d9b80000)
  from space 5120K, 90% used [0x00000000d9b80000,0x00000000da008000,0x00000000da080000)
  to   space 12288K, 0% used [0x00000000dbd80000,0x00000000dbd80000,0x00000000dc980000)
 ParOldGen       total 62464K, used 13741K [0x0000000081200000, 0x0000000084f00000, 0x00000000d5b80000)
  object space 62464K, 21% used [0x0000000081200000,0x0000000081f6b7d8,0x0000000084f00000)
 Metaspace       used 25563K, capacity 27256K, committed 27520K, reserved 1073152K
  class space    used 3523K, capacity 3862K, committed 3968K, reserved 1048576K
}

Deoptimization events (10 events):
Event: 38.036 Thread 0x0000000019582800 Uncommon trap: reason=class_check action=maybe_recompile pc=0x00000000033c4020 method=com.sun.javafx.geom.transform.AffineBase.getType()I @ 9
Event: 38.086 Thread 0x0000000019582800 Uncommon trap: reason=class_check action=maybe_recompile pc=0x00000000033c4020 method=com.sun.javafx.geom.transform.AffineBase.getType()I @ 9
Event: 38.096 Thread 0x0000000019582800 Uncommon trap: reason=class_check action=maybe_recompile pc=0x00000000033c4020 method=com.sun.javafx.geom.transform.AffineBase.getType()I @ 9
Event: 44.536 Thread 0x0000000019596000 Uncommon trap: reason=unstable_if action=reinterpret pc=0x000000000321aaa0 method=java.util.Calendar.aggregateStamp(II)I @ 5
Event: 44.536 Thread 0x0000000019596000 Uncommon trap: reason=unstable_if action=reinterpret pc=0x00000000031cb0b0 method=java.util.GregorianCalendar.getFixedDate(Lsun/util/calendar/BaseCalendar;II)J @ 8
Event: 44.536 Thread 0x0000000019596000 Uncommon trap: reason=unstable_if action=reinterpret pc=0x00000000038e8a6c method=java.util.GregorianCalendar.computeFields(II)I @ 675
Event: 49.697 Thread 0x0000000019596000 Uncommon trap: reason=unstable_if action=reinterpret pc=0x0000000002ba1058 method=sun.util.calendar.BaseCalendar.getFixedDate(IIILsun/util/calendar/BaseCalendar$Date;)J @ 120
Event: 49.697 Thread 0x0000000019596000 Uncommon trap: reason=unstable_if action=reinterpret pc=0x0000000003a4e7c8 method=java.util.GregorianCalendar.add(II)V @ 163
Event: 49.697 Thread 0x0000000019596000 Uncommon trap: reason=unstable_if action=reinterpret pc=0x00000000039f8fc4 method=java.text.SimpleDateFormat.compile(Ljava/lang/String;)[C @ 55
Event: 49.698 Thread 0x0000000019596000 Uncommon trap: reason=unstable_if action=reinterpret pc=0x0000000003a5fadc method=java.text.SimpleDateFormat.subFormat(IILjava/text/Format$FieldDelegate;Ljava/lang/StringBuffer;Z)V @ 130

Internal exceptions (10 events):
Event: 10.713 Thread 0x0000000019596000 Implicit null exception at 0x00000000033da8cb to 0x00000000033da96d
Event: 10.808 Thread 0x0000000019596000 Implicit null exception at 0x00000000033dad70 to 0x00000000033daddd
Event: 11.616 Thread 0x0000000019596000 Implicit null exception at 0x000000000334defd to 0x000000000334f511
Event: 11.616 Thread 0x0000000019596000 Implicit null exception at 0x000000000340409f to 0x00000000034048b9
Event: 11.616 Thread 0x0000000019596000 Implicit null exception at 0x000000000327aa04 to 0x000000000327aa55
Event: 12.311 Thread 0x0000000019596000 Implicit null exception at 0x00000000035cee91 to 0x00000000035ceff1
Event: 12.312 Thread 0x0000000019596000 Implicit null exception at 0x0000000002d11ae9 to 0x0000000002d122b1
Event: 17.462 Thread 0x0000000019596000 Implicit null exception at 0x00000000036acae7 to 0x00000000036b1259
Event: 18.751 Thread 0x000000001d4a4000 Implicit null exception at 0x000000000359da68 to 0x000000000359db11
Event: 27.395 Thread 0x0000000019596000 Implicit null exception at 0x0000000002c00681 to 0x0000000002c0131d

Events (10 events):
Event: 61.749 Thread 0x000000001d4a4800 Thread exited: 0x000000001d4a4800
Event: 61.987 Thread 0x000000001d4a2800 Thread added: 0x000000001d4a2800
Event: 62.416 Thread 0x0000000019596000 DEOPT PACKING pc=0x0000000002d0d239 sp=0x000000001a3fc810
Event: 62.416 Thread 0x0000000019596000 DEOPT UNPACKING pc=0x00000000029f787f sp=0x000000001a3fc578 mode 0
Event: 63.154 Thread 0x0000000019596000 DEOPT PACKING pc=0x0000000003071b65 sp=0x000000001a3fc330
Event: 63.154 Thread 0x0000000019596000 DEOPT UNPACKING pc=0x00000000029f787f sp=0x000000001a3fc0a0 mode 0
Event: 63.204 Thread 0x0000000019596000 DEOPT PACKING pc=0x0000000003071b65 sp=0x000000001a3fc330
Event: 63.204 Thread 0x0000000019596000 DEOPT UNPACKING pc=0x00000000029f787f sp=0x000000001a3fc0a0 mode 0
Event: 63.244 Thread 0x0000000019596000 DEOPT PACKING pc=0x0000000003071b65 sp=0x000000001a3fc4b0
Event: 63.244 Thread 0x0000000019596000 DEOPT UNPACKING pc=0x00000000029f787f sp=0x000000001a3fc208 mode 0


Dynamic libraries:
0x00007ff63f9e0000 - 0x00007ff63fa17000 	C:\Program Files\Java\jdk1.8.0_73\bin\javaw.exe
0x00007ffe20280000 - 0x00007ffe2042d000 	C:\windows\SYSTEM32\ntdll.dll
0x00007ffe1daa0000 - 0x00007ffe1dbde000 	C:\windows\system32\KERNEL32.DLL
0x00007ffe1d730000 - 0x00007ffe1d845000 	C:\windows\system32\KERNELBASE.dll
0x00007ffe1b9b0000 - 0x00007ffe1ba3e000 	C:\windows\system32\apphelp.dll
0x00007ffe151e0000 - 0x00007ffe15233000 	C:\windows\AppPatch\AppPatch64\AcGenral.DLL
0x00007ffe20100000 - 0x00007ffe201aa000 	C:\windows\system32\msvcrt.dll
0x00007ffe1d140000 - 0x00007ffe1d16e000 	C:\windows\SYSTEM32\SspiCli.dll
0x00007ffe1e0e0000 - 0x00007ffe1e134000 	C:\windows\system32\SHLWAPI.dll
0x00007ffe1e1f0000 - 0x00007ffe1e367000 	C:\windows\system32\USER32.dll
0x00007ffe1d900000 - 0x00007ffe1da94000 	C:\windows\system32\ole32.dll
0x00007ffe1ebd0000 - 0x00007ffe200fa000 	C:\windows\system32\SHELL32.dll
0x00007ffe1c920000 - 0x00007ffe1c941000 	C:\windows\SYSTEM32\USERENV.dll
0x00007ffe1e140000 - 0x00007ffe1e1ea000 	C:\windows\system32\ADVAPI32.dll
0x00007ffe0f5b0000 - 0x00007ffe0f5ce000 	C:\windows\SYSTEM32\MPR.dll
0x00007ffe1ea80000 - 0x00007ffe1ebc1000 	C:\windows\system32\RPCRT4.dll
0x00007ffe20220000 - 0x00007ffe20279000 	C:\windows\SYSTEM32\sechost.dll
0x00007ffe1e790000 - 0x00007ffe1e9a1000 	C:\windows\SYSTEM32\combase.dll
0x00007ffe1e370000 - 0x00007ffe1e4c0000 	C:\windows\system32\GDI32.dll
0x00007ffe1d3d0000 - 0x00007ffe1d3e5000 	C:\windows\SYSTEM32\profapi.dll
0x00007ffe1bc20000 - 0x00007ffe1bcd2000 	C:\windows\SYSTEM32\SHCORE.dll
0x00007ffe1e4c0000 - 0x00007ffe1e4f6000 	C:\windows\system32\IMM32.DLL
0x00007ffe1df60000 - 0x00007ffe1e0b2000 	C:\windows\system32\MSCTF.dll
0x00007ffe1d380000 - 0x00007ffe1d3b1000 	C:\windows\system32\nvinitx.dll
0x00007ffe1d370000 - 0x00007ffe1d37a000 	C:\windows\SYSTEM32\VERSION.dll
0x0000000065670000 - 0x0000000065676000 	C:\Program Files\NVIDIA Corporation\CoProcManager\_etoured.dll
0x00007ffe1b900000 - 0x00007ffe1b931000 	C:\Program Files\NVIDIA Corporation\CoProcManager\nvd3d9wrapx.dll
0x00007ffe1dd70000 - 0x00007ffe1df4a000 	C:\windows\system32\SETUPAPI.dll
0x00007ffe1d500000 - 0x00007ffe1d54f000 	C:\windows\system32\CFGMGR32.dll
0x00007ffe1b8d0000 - 0x00007ffe1b8f2000 	C:\Program Files\NVIDIA Corporation\CoProcManager\nvdxgiwrapx.dll
0x00007ffe1b0a0000 - 0x00007ffe1b31b000 	C:\windows\WinSxS\amd64_microsoft.windows.common-controls_6595b64144ccf1df_6.0.9600.18006_none_623f33d3ecbe86e8\COMCTL32.dll
0x0000000063680000 - 0x0000000063752000 	C:\Program Files\Java\jdk1.8.0_73\jre\bin\msvcr100.dll
0x0000000063760000 - 0x0000000063ff0000 	C:\Program Files\Java\jdk1.8.0_73\jre\bin\server\jvm.dll
0x00007ffe0e3f0000 - 0x00007ffe0e3f9000 	C:\windows\SYSTEM32\WSOCK32.dll
0x00007ffe1b350000 - 0x00007ffe1b372000 	C:\windows\SYSTEM32\WINMM.dll
0x00007ffe1dbe0000 - 0x00007ffe1dbe7000 	C:\windows\system32\PSAPI.DLL
0x00007ffe201c0000 - 0x00007ffe2021a000 	C:\windows\system32\WS2_32.dll
0x00007ffe1b070000 - 0x00007ffe1b09a000 	C:\windows\SYSTEM32\WINMMBASE.dll
0x00007ffe1df50000 - 0x00007ffe1df59000 	C:\windows\system32\NSI.dll
0x00007ffe1c180000 - 0x00007ffe1c1a8000 	C:\windows\SYSTEM32\DEVOBJ.dll
0x00000000641a0000 - 0x00000000641af000 	C:\Program Files\Java\jdk1.8.0_73\jre\bin\verify.dll
0x0000000064170000 - 0x0000000064199000 	C:\Program Files\Java\jdk1.8.0_73\jre\bin\java.dll
0x0000000064150000 - 0x0000000064166000 	C:\Program Files\Java\jdk1.8.0_73\jre\bin\zip.dll
0x00007ffdf91a0000 - 0x00007ffdf928f000 	C:\Program Files\Java\jdk1.8.0_73\jre\bin\msvcr120.dll
0x00007ffe06170000 - 0x00007ffe06216000 	C:\Program Files\Java\jdk1.8.0_73\jre\bin\msvcp120.dll
0x00000000640b0000 - 0x00000000640d3000 	C:\Program Files\Java\jdk1.8.0_73\jre\bin\prism_d3d.dll
0x00007ffe11f90000 - 0x00007ffe121b1000 	C:\windows\system32\d3d9.dll
0x00007ffe1b320000 - 0x00007ffe1b341000 	C:\windows\SYSTEM32\dwmapi.dll
0x00007ffe1d4a0000 - 0x00007ffe1d4f1000 	C:\windows\system32\WINTRUST.dll
0x0000000019e80000 - 0x000000001a05f000 	C:\windows\system32\CRYPT32.dll
0x00007ffe1d480000 - 0x00007ffe1d491000 	C:\windows\system32\MSASN1.dll
0x00007ffe1bfc0000 - 0x00007ffe1c0e9000 	C:\windows\system32\uxtheme.dll
0x00007ffe1a4c0000 - 0x00007ffe1a5d6000 	C:\windows\SYSTEM32\nvumdshimx.dll
0x00007ffde9e60000 - 0x00007ffdeb61a000 	C:\windows\system32\igdumdim64.dll
0x0000000064060000 - 0x00000000640a3000 	C:\Program Files\Java\jdk1.8.0_73\jre\bin\glass.dll
0x00007ffe1dbf0000 - 0x00007ffe1dca6000 	C:\windows\system32\COMDLG32.dll
0x00007ffe1e500000 - 0x00007ffe1e5c1000 	C:\windows\system32\OLEAUT32.dll
0x00007ffe1c0f0000 - 0x00007ffe1c0fb000 	C:\windows\SYSTEM32\kernel.appcore.dll
0x00007ffe1d1f0000 - 0x00007ffe1d1fb000 	C:\windows\SYSTEM32\CRYPTBASE.dll
0x00007ffe1d180000 - 0x00007ffe1d1e3000 	C:\windows\SYSTEM32\bcryptPrimitives.dll
0x0000000064030000 - 0x0000000064053000 	C:\Program Files\Java\jdk1.8.0_73\jre\bin\javafx_iio.dll
0x0000000063660000 - 0x0000000063674000 	C:\Program Files\Java\jdk1.8.0_73\jre\bin\javafx_font.dll
0x00007ffe18b10000 - 0x00007ffe18cfc000 	C:\windows\SYSTEM32\dwrite.dll
0x00007ffe1dcb0000 - 0x00007ffe1dd66000 	C:\windows\SYSTEM32\clbcatq.dll
0x00007ffe19370000 - 0x00007ffe1951e000 	C:\windows\SYSTEM32\WindowsCodecs.dll
0x00007ffe1cbf0000 - 0x00007ffe1cc10000 	C:\windows\SYSTEM32\CRYPTSP.dll
0x00007ffe1c810000 - 0x00007ffe1c846000 	C:\windows\system32\rsaenh.dll
0x00007ffe1ce40000 - 0x00007ffe1ce66000 	C:\windows\SYSTEM32\bcrypt.dll
0x0000000063640000 - 0x0000000063651000 	C:\Program Files\Java\jdk1.8.0_73\jre\bin\prism_common.dll
0x00000000634a0000 - 0x0000000063638000 	C:\Program Files\Java\jdk1.8.0_73\jre\bin\awt.dll
0x00007ffe16670000 - 0x00007ffe16af1000 	C:\windows\SYSTEM32\d2d1.dll
0x00007ffe18e60000 - 0x00007ffe19093000 	C:\windows\SYSTEM32\d3d11.dll
0x00007ffe190a0000 - 0x00007ffe19127000 	C:\windows\SYSTEM32\dxgi.dll
0x00007ffe0af40000 - 0x00007ffe0b19f000 	C:\windows\SYSTEM32\D3D10Warp.dll
0x0000000064130000 - 0x000000006414a000 	C:\Program Files\Java\jdk1.8.0_73\jre\bin\net.dll
0x00007ffe1cb90000 - 0x00007ffe1cbe9000 	C:\windows\system32\mswsock.dll
0x00007ffe181b0000 - 0x00007ffe181da000 	C:\windows\SYSTEM32\IPHLPAPI.DLL
0x00007ffe18180000 - 0x00007ffe1818a000 	C:\windows\SYSTEM32\WINNSI.DLL
0x00007ffe171c0000 - 0x00007ffe171d6000 	C:\windows\SYSTEM32\dhcpcsvc6.DLL
0x00007ffe17dd0000 - 0x00007ffe17dea000 	C:\windows\SYSTEM32\dhcpcsvc.DLL
0x0000000064110000 - 0x0000000064121000 	C:\Program Files\Java\jdk1.8.0_73\jre\bin\nio.dll
0x000000006d580000 - 0x000000006d63d000 	C:\Users\Matt\AppData\Local\Temp\sqlite-3.8.11.2-118cceff-7395-4e6f-8db2-e980ece58ec1-sqlitejdbc.dll
0x00007ffdf7820000 - 0x00007ffdf79a9000 	C:\windows\SYSTEM32\dbghelp.dll

VM Arguments:
jvm_args: -Dfile.encoding=UTF-8 
java_command: Launcher
java_class_path (initial): C:\Users\Matt\GitHub\temp\seg-group3\bin;C:\Users\Matt\GitHub\temp\seg-group3\libs\sqlite-jdbc-3.8.11.2.jar;C:\Users\Matt\GitHub\temp\seg-group3\libs\controlsfx-8.40.10.jar;C:\Users\Matt\GitHub\temp\seg-group3\icons;C:\Users\Matt\.p2\pool\plugins\org.junit_4.12.0.v201504281640\junit.jar;C:\Users\Matt\.p2\pool\plugins\org.hamcrest.core_1.3.0.v201303031735.jar;C:\Users\Matt\GitHub\temp\seg-group3\libs\extfx-0.3.jar
Launcher Type: SUN_STANDARD

Environment Variables:
CLASSPATH=.;.;C:\PROGRA~2\JMF21~1.1E\lib\sound.jar;C:\PROGRA~2\JMF21~1.1E\lib\jmf.jar;C:\PROGRA~2\JMF21~1.1E\lib;
PATH=C:/Program Files/Java/jdk1.8.0_73/bin/../jre/bin/server;C:/Program Files/Java/jdk1.8.0_73/bin/../jre/bin;C:/Program Files/Java/jdk1.8.0_73/bin/../jre/lib/amd64;C:\Program Files (x86)\WinAVR\bin;C:\Program Files (x86)\WinAVR\utils\bin;C:\Program Files (x86)\GtkSharp\2.12\bin;C:\Program Files\Calibre\;C:\Windows\SysWOW64;C:\Cygwin\bin;C:\Program Files\Java\jdk1.8.0_73\bin;C:\Program Files (x86)\Nmap;C:\Users\Matt\AppData\Local\Programs\Git\cmd;C:\Users\Matt\AppData\Local\atom\bin;C:\Program Files (x86)\WinAVR\bin;C:\Program Files (x86)\DFU-Programmer;C:\Program Files\eclipse;
USERNAME=Matt
OS=Windows_NT
PROCESSOR_IDENTIFIER=Intel64 Family 6 Model 69 Stepping 1, GenuineIntel



---------------  S Y S T E M  ---------------

OS: Windows 8.1 , 64 bit Build 9600 (6.3.9600.17415)

CPU:total 4 (2 cores per cpu, 2 threads per core) family 6 model 69 stepping 1, cmov, cx8, fxsr, mmx, sse, sse2, sse3, ssse3, sse4.1, sse4.2, popcnt, avx, avx2, aes, clmul, erms, lzcnt, ht, tsc, tscinvbit, bmi1, bmi2

Memory: 4k page, physical 8310040k(3491044k free), swap 10063128k(3635784k free)

vm_info: Java HotSpot(TM) 64-Bit Server VM (25.73-b02) for windows-amd64 JRE (1.8.0_73-b02), built on Jan 29 2016 17:38:49 by "java_re" with MS VC++ 10.0 (VS2010)

time: Thu Mar 10 00:29:04 2016
elapsed time: 65 seconds (0d 0h 1m 5s)

