#
# A fatal error has been detected by the Java Runtime Environment:
#
#  EXCEPTION_ACCESS_VIOLATION (0xc0000005) at pc=0x000000006d58f3d8, pid=8936, tid=1276
#
# JRE version: Java(TM) SE Runtime Environment (8.0_73-b02) (build 1.8.0_73-b02)
# Java VM: Java HotSpot(TM) 64-Bit Server VM (25.73-b02 mixed mode windows-amd64 compressed oops)
# Problematic frame:
# C  [sqlite-3.8.11.2-6353d2e7-552a-47eb-8733-2e00ea885ba2-sqlitejdbc.dll+0xf3d8]
#
# Failed to write core dump. Minidumps are not enabled by default on client versions of Windows
#
# If you would like to submit a bug report, please visit:
#   http://bugreport.java.com/bugreport/crash.jsp
# The crash happened outside the Java Virtual Machine in native code.
# See problematic frame for where to report the bug.
#

---------------  T H R E A D  ---------------

Current thread (0x0000000019883000):  JavaThread "Thread-5" [_thread_in_native, id=1276, stack(0x0000000020600000,0x0000000020700000)]

siginfo: ExceptionCode=0xc0000005, reading address 0x0000000000000051

Registers:
RAX=0x0000000000000000, RBX=0x00000000214eda28, RCX=0x0000000000000000, RDX=0x0000000000000000
RSP=0x00000000206ff118, RBP=0x00000000206ff268, RSI=0x0000000000000000, RDI=0x00000000029e7a70
R8 =0x0000000000000000, R9 =0x0000000000000000, R10=0x00000000029f690b, R11=0x0000000063989530
R12=0x0000000000000000, R13=0x0000000020c40a18, R14=0x00000000206ff2a0, R15=0x0000000019883000
RIP=0x000000006d58f3d8, EFLAGS=0x0000000000010297

Top of Stack: (sp=0x00000000206ff118)
0x00000000206ff118:   000000006d58f40b 000000001c3bb080
0x00000000206ff128:   0000000019883000 0000000020c40a18
0x00000000206ff138:   0000000000000000 00000000214eda28
0x00000000206ff148:   000000006d5b21a1 00000000206ff218
0x00000000206ff158:   000000006399a9af 00000000206ff218
0x00000000206ff168:   00000000206ff268 00000000206ff268
0x00000000206ff178:   00000000198831f8 000000006389ef60
0x00000000206ff188:   000000006d5823ae 000000001c3bb078
0x00000000206ff198:   0000000019883000 000000002007300d
0x00000000206ff1a8:   0000000020d0d8e0 000000001cbbc1a0
0x00000000206ff1b8:   0000000020c40a18 000000002007300d
0x00000000206ff1c8:   00000000029f6937 00000000206ff1d0
0x00000000206ff1d8:   0000000020c9ccf0 00000000029e7a70
0x00000000206ff1e8:   00000000029f66df 0000000019883000
0x00000000206ff1f8:   0000000020c40a18 0000000000000000
0x00000000206ff208:   00000000206ff220 00000000029f6699 

Instructions: (pc=0x000000006d58f3d8)
0x000000006d58f3b8:   00 c6 41 51 00 e8 ce ff ff ff b8 07 00 00 00 48
0x000000006d58f3c8:   83 c4 28 c3 0f 1f 40 00 81 fa 0a 0c 00 00 74 0c
0x000000006d58f3d8:   80 79 51 00 75 06 8b 41 48 21 d0 c3 eb ca 66 2e
0x000000006d58f3e8:   0f 1f 84 00 00 00 00 00 53 48 83 ec 20 48 85 c9 


Register to memory mapping:

RAX=0x0000000000000000 is an unknown value
RBX=0x00000000214eda28 is an unknown value
RCX=0x0000000000000000 is an unknown value
RDX=0x0000000000000000 is an unknown value
RSP=0x00000000206ff118 is pointing into the stack for thread: 0x0000000019883000
RBP=0x00000000206ff268 is pointing into the stack for thread: 0x0000000019883000
RSI=0x0000000000000000 is an unknown value
RDI=0x00000000029e7a70 is at code_begin+1456 in an Interpreter codelet
invoke return entry points  [0x00000000029e74c0, 0x00000000029e7dc0]  2304 bytes
R8 =0x0000000000000000 is an unknown value
R9 =0x0000000000000000 is an unknown value
R10=0x00000000029f690b is at code_begin+1227 in an Interpreter codelet
method entry point (kind = native_synchronized)  [0x00000000029f6440, 0x00000000029f6f20]  2784 bytes
R11=0x0000000063989530 is an unknown value
R12=0x0000000000000000 is an unknown value
R13={method} {0x0000000020c40a20} 'column_text' '(JI)Ljava/lang/String;' in 'org/sqlite/core/NativeDB'
R14=0x00000000206ff2a0 is pointing into the stack for thread: 0x0000000019883000
R15=0x0000000019883000 is a thread


Stack: [0x0000000020600000,0x0000000020700000],  sp=0x00000000206ff118,  free space=1020k
Native frames: (J=compiled Java code, j=interpreted, Vv=VM code, C=native code)
C  [sqlite-3.8.11.2-6353d2e7-552a-47eb-8733-2e00ea885ba2-sqlitejdbc.dll+0xf3d8]
C  [sqlite-3.8.11.2-6353d2e7-552a-47eb-8733-2e00ea885ba2-sqlitejdbc.dll+0xf40b]
C  [sqlite-3.8.11.2-6353d2e7-552a-47eb-8733-2e00ea885ba2-sqlitejdbc.dll+0x321a1]
C  [sqlite-3.8.11.2-6353d2e7-552a-47eb-8733-2e00ea885ba2-sqlitejdbc.dll+0x23ae]
C  0x00000000029f6937

Java frames: (J=compiled Java code, j=interpreted, Vv=VM code)
j  org.sqlite.core.NativeDB.column_text(JI)Ljava/lang/String;+0
j  org.sqlite.jdbc3.JDBC3ResultSet.getString(I)Ljava/lang/String;+16
j  dashboard.view.MetricsSummaryConstructor.updateMetricsTable(Ljavafx/collections/ObservableList;Ldashboard/model/Filter;)V+398
j  dashboard.view.AuctionController$1.run()V+14
v  ~StubRoutines::call_stub

---------------  P R O C E S S  ---------------

Java Threads: ( => current thread )
  0x0000000019882800 JavaThread "DestroyJavaVM" [_thread_blocked, id=9776, stack(0x00000000027e0000,0x00000000028e0000)]
=>0x0000000019883000 JavaThread "Thread-5" [_thread_in_native, id=1276, stack(0x0000000020600000,0x0000000020700000)]
  0x0000000019884000 JavaThread "AWT-Windows" daemon [_thread_in_native, id=4956, stack(0x0000000020ab0000,0x0000000020bb0000)]
  0x000000001c890000 JavaThread "Java2D Disposer" daemon [_thread_blocked, id=9688, stack(0x00000000200d0000,0x00000000201d0000)]
  0x0000000019d45000 JavaThread "Prism Font Disposer" daemon [_thread_blocked, id=2864, stack(0x000000001ea60000,0x000000001eb60000)]
  0x00000000195fb800 JavaThread "Thread-3" daemon [_thread_in_native, id=8096, stack(0x000000001bb30000,0x000000001bc30000)]
  0x000000001926b000 JavaThread "Thread-2" daemon [_thread_blocked, id=4480, stack(0x000000001a190000,0x000000001a290000)]
  0x0000000018ed2800 JavaThread "Service Thread" daemon [_thread_blocked, id=9852, stack(0x00000000192a0000,0x00000000193a0000)]
  0x000000001756d800 JavaThread "C1 CompilerThread2" daemon [_thread_blocked, id=8048, stack(0x0000000018da0000,0x0000000018ea0000)]
  0x000000001756a800 JavaThread "C2 CompilerThread1" daemon [_thread_blocked, id=6428, stack(0x0000000018ca0000,0x0000000018da0000)]
  0x0000000017559800 JavaThread "C2 CompilerThread0" daemon [_thread_blocked, id=3776, stack(0x0000000018ba0000,0x0000000018ca0000)]
  0x0000000017558800 JavaThread "Attach Listener" daemon [_thread_blocked, id=1880, stack(0x0000000018aa0000,0x0000000018ba0000)]
  0x0000000017557000 JavaThread "Signal Dispatcher" daemon [_thread_blocked, id=3536, stack(0x00000000189a0000,0x0000000018aa0000)]
  0x0000000017528800 JavaThread "Finalizer" daemon [_thread_blocked, id=2592, stack(0x00000000187c0000,0x00000000188c0000)]
  0x00000000029d1800 JavaThread "Reference Handler" daemon [_thread_blocked, id=8200, stack(0x00000000186c0000,0x00000000187c0000)]

Other Threads:
  0x0000000017527000 VMThread [stack: 0x00000000185c0000,0x00000000186c0000] [id=7188]
  0x00000000175a2000 WatcherThread [stack: 0x00000000193a0000,0x00000000194a0000] [id=872]

VM state:not at safepoint (normal execution)

VM Mutex/Monitor currently owned by a thread: None

Heap:
 PSYoungGen      total 62464K, used 18329K [0x00000000d5b80000, 0x00000000da580000, 0x0000000100000000)
  eden space 58368K, 25% used [0x00000000d5b80000,0x00000000d69d4ba0,0x00000000d9480000)
  from space 4096K, 89% used [0x00000000da180000,0x00000000da511af8,0x00000000da580000)
  to   space 5120K, 0% used [0x00000000d9b80000,0x00000000d9b80000,0x00000000da080000)
 ParOldGen       total 60928K, used 13566K [0x0000000081200000, 0x0000000084d80000, 0x00000000d5b80000)
  object space 60928K, 22% used [0x0000000081200000,0x0000000081f3f9a8,0x0000000084d80000)
 Metaspace       used 25090K, capacity 26754K, committed 26880K, reserved 1073152K
  class space    used 3521K, capacity 3833K, committed 3840K, reserved 1048576K

Card table byte_map: [0x0000000011da0000,0x00000000121a0000] byte_map_base: 0x0000000011997000

Marking Bits: (ParMarkBitMap*) 0x0000000063f70600
 Begin Bits: [0x0000000012850000, 0x0000000014808000)
 End Bits:   [0x0000000014808000, 0x00000000167c0000)

Polling page: 0x0000000000d40000

CodeCache: size=245760Kb used=14348Kb max_used=14463Kb free=231411Kb
 bounds [0x00000000029e0000, 0x0000000003810000, 0x00000000119e0000]
 total_blobs=4887 nmethods=4148 adapters=650
 compilation: enabled

Compilation events (10 events):
Event: 11.952 Thread 0x000000001756d800 nmethod 4283 0x0000000003809210 code [0x0000000003809380, 0x00000000038095a8]
Event: 11.952 Thread 0x000000001756a800 nmethod 4280 0x000000000380d850 code [0x000000000380d9c0, 0x000000000380dcb8]
Event: 11.999 Thread 0x000000001756d800 4284       3       com.sun.javafx.tk.quantum.WindowStage::setInEventHandler (6 bytes)
Event: 11.999 Thread 0x000000001756d800 nmethod 4284 0x0000000003808ed0 code [0x0000000003809020, 0x0000000003809170]
Event: 12.212 Thread 0x000000001756d800 4285       3       javafx.event.Event::consume (6 bytes)
Event: 12.213 Thread 0x000000001756d800 nmethod 4285 0x000000000380c210 code [0x000000000380c360, 0x000000000380c4b0]
Event: 12.222 Thread 0x000000001756d800 4286       3       javafx.scene.control.SkinBase$$Lambda$143/1331358696::handle (8 bytes)
Event: 12.223 Thread 0x000000001756d800 nmethod 4286 0x000000000380bbd0 code [0x000000000380bd40, 0x000000000380c0d0]
Event: 12.223 Thread 0x000000001756d800 4287       3       javafx.scene.control.SkinBase::lambda$static$3 (5 bytes)
Event: 12.223 Thread 0x000000001756d800 nmethod 4287 0x000000000380b790 code [0x000000000380b8e0, 0x000000000380baf0]

GC Heap History (10 events):
Event: 1.006 GC heap before
{Heap before GC invocations=1 (full 0):
 PSYoungGen      total 38400K, used 33280K [0x00000000d5b80000, 0x00000000d8600000, 0x0000000100000000)
  eden space 33280K, 100% used [0x00000000d5b80000,0x00000000d7c00000,0x00000000d7c00000)
  from space 5120K, 0% used [0x00000000d8100000,0x00000000d8100000,0x00000000d8600000)
  to   space 5120K, 0% used [0x00000000d7c00000,0x00000000d7c00000,0x00000000d8100000)
 ParOldGen       total 87552K, used 0K [0x0000000081200000, 0x0000000086780000, 0x00000000d5b80000)
  object space 87552K, 0% used [0x0000000081200000,0x0000000081200000,0x0000000086780000)
 Metaspace       used 12782K, capacity 13340K, committed 13440K, reserved 1060864K
  class space    used 1735K, capacity 1918K, committed 1920K, reserved 1048576K
Event: 1.015 GC heap after
Heap after GC invocations=1 (full 0):
 PSYoungGen      total 38400K, used 5088K [0x00000000d5b80000, 0x00000000d8600000, 0x0000000100000000)
  eden space 33280K, 0% used [0x00000000d5b80000,0x00000000d5b80000,0x00000000d7c00000)
  from space 5120K, 99% used [0x00000000d7c00000,0x00000000d80f8070,0x00000000d8100000)
  to   space 5120K, 0% used [0x00000000d8100000,0x00000000d8100000,0x00000000d8600000)
 ParOldGen       total 87552K, used 3640K [0x0000000081200000, 0x0000000086780000, 0x00000000d5b80000)
  object space 87552K, 4% used [0x0000000081200000,0x000000008158e0a0,0x0000000086780000)
 Metaspace       used 12782K, capacity 13340K, committed 13440K, reserved 1060864K
  class space    used 1735K, capacity 1918K, committed 1920K, reserved 1048576K
}
Event: 5.905 GC heap before
{Heap before GC invocations=2 (full 0):
 PSYoungGen      total 38400K, used 38368K [0x00000000d5b80000, 0x00000000d8600000, 0x0000000100000000)
  eden space 33280K, 100% used [0x00000000d5b80000,0x00000000d7c00000,0x00000000d7c00000)
  from space 5120K, 99% used [0x00000000d7c00000,0x00000000d80f8070,0x00000000d8100000)
  to   space 5120K, 0% used [0x00000000d8100000,0x00000000d8100000,0x00000000d8600000)
 ParOldGen       total 87552K, used 3640K [0x0000000081200000, 0x0000000086780000, 0x00000000d5b80000)
  object space 87552K, 4% used [0x0000000081200000,0x000000008158e0a0,0x0000000086780000)
 Metaspace       used 19430K, capacity 20562K, committed 20608K, reserved 1067008K
  class space    used 2940K, capacity 3193K, committed 3200K, reserved 1048576K
Event: 5.916 GC heap after
Heap after GC invocations=2 (full 0):
 PSYoungGen      total 38400K, used 5088K [0x00000000d5b80000, 0x00000000d8600000, 0x0000000100000000)
  eden space 33280K, 0% used [0x00000000d5b80000,0x00000000d5b80000,0x00000000d7c00000)
  from space 5120K, 99% used [0x00000000d8100000,0x00000000d85f8070,0x00000000d8600000)
  to   space 5120K, 0% used [0x00000000d7c00000,0x00000000d7c00000,0x00000000d8100000)
 ParOldGen       total 87552K, used 8758K [0x0000000081200000, 0x0000000086780000, 0x00000000d5b80000)
  object space 87552K, 10% used [0x0000000081200000,0x0000000081a8d8d0,0x0000000086780000)
 Metaspace       used 19430K, capacity 20562K, committed 20608K, reserved 1067008K
  class space    used 2940K, capacity 3193K, committed 3200K, reserved 1048576K
}
Event: 5.995 GC heap before
{Heap before GC invocations=3 (full 0):
 PSYoungGen      total 38400K, used 7532K [0x00000000d5b80000, 0x00000000d8600000, 0x0000000100000000)
  eden space 33280K, 7% used [0x00000000d5b80000,0x00000000d5de2fd8,0x00000000d7c00000)
  from space 5120K, 99% used [0x00000000d8100000,0x00000000d85f8070,0x00000000d8600000)
  to   space 5120K, 0% used [0x00000000d7c00000,0x00000000d7c00000,0x00000000d8100000)
 ParOldGen       total 87552K, used 8758K [0x0000000081200000, 0x0000000086780000, 0x00000000d5b80000)
  object space 87552K, 10% used [0x0000000081200000,0x0000000081a8d8d0,0x0000000086780000)
 Metaspace       used 19960K, capacity 21134K, committed 21248K, reserved 1067008K
  class space    used 2996K, capacity 3271K, committed 3328K, reserved 1048576K
Event: 6.004 GC heap after
Heap after GC invocations=3 (full 0):
 PSYoungGen      total 38400K, used 5104K [0x00000000d5b80000, 0x00000000da680000, 0x0000000100000000)
  eden space 33280K, 0% used [0x00000000d5b80000,0x00000000d5b80000,0x00000000d7c00000)
  from space 5120K, 99% used [0x00000000d7c00000,0x00000000d80fc080,0x00000000d8100000)
  to   space 5120K, 0% used [0x00000000da180000,0x00000000da180000,0x00000000da680000)
 ParOldGen       total 87552K, used 8982K [0x0000000081200000, 0x0000000086780000, 0x00000000d5b80000)
  object space 87552K, 10% used [0x0000000081200000,0x0000000081ac58d0,0x0000000086780000)
 Metaspace       used 19960K, capacity 21134K, committed 21248K, reserved 1067008K
  class space    used 2996K, capacity 3271K, committed 3328K, reserved 1048576K
}
Event: 6.004 GC heap before
{Heap before GC invocations=4 (full 1):
 PSYoungGen      total 38400K, used 5104K [0x00000000d5b80000, 0x00000000da680000, 0x0000000100000000)
  eden space 33280K, 0% used [0x00000000d5b80000,0x00000000d5b80000,0x00000000d7c00000)
  from space 5120K, 99% used [0x00000000d7c00000,0x00000000d80fc080,0x00000000d8100000)
  to   space 5120K, 0% used [0x00000000da180000,0x00000000da180000,0x00000000da680000)
 ParOldGen       total 87552K, used 8982K [0x0000000081200000, 0x0000000086780000, 0x00000000d5b80000)
  object space 87552K, 10% used [0x0000000081200000,0x0000000081ac58d0,0x0000000086780000)
 Metaspace       used 19960K, capacity 21134K, committed 21248K, reserved 1067008K
  class space    used 2996K, capacity 3271K, committed 3328K, reserved 1048576K
Event: 6.062 GC heap after
Heap after GC invocations=4 (full 1):
 PSYoungGen      total 38400K, used 0K [0x00000000d5b80000, 0x00000000da680000, 0x0000000100000000)
  eden space 33280K, 0% used [0x00000000d5b80000,0x00000000d5b80000,0x00000000d7c00000)
  from space 5120K, 0% used [0x00000000d7c00000,0x00000000d7c00000,0x00000000d8100000)
  to   space 5120K, 0% used [0x00000000da180000,0x00000000da180000,0x00000000da680000)
 ParOldGen       total 60928K, used 13558K [0x0000000081200000, 0x0000000084d80000, 0x00000000d5b80000)
  object space 60928K, 22% used [0x0000000081200000,0x0000000081f3d9a8,0x0000000084d80000)
 Metaspace       used 19960K, capacity 21134K, committed 21248K, reserved 1067008K
  class space    used 2996K, capacity 3271K, committed 3328K, reserved 1048576K
}
Event: 9.216 GC heap before
{Heap before GC invocations=5 (full 1):
 PSYoungGen      total 38400K, used 33280K [0x00000000d5b80000, 0x00000000da680000, 0x0000000100000000)
  eden space 33280K, 100% used [0x00000000d5b80000,0x00000000d7c00000,0x00000000d7c00000)
  from space 5120K, 0% used [0x00000000d7c00000,0x00000000d7c00000,0x00000000d8100000)
  to   space 5120K, 0% used [0x00000000da180000,0x00000000da180000,0x00000000da680000)
 ParOldGen       total 60928K, used 13558K [0x0000000081200000, 0x0000000084d80000, 0x00000000d5b80000)
  object space 60928K, 22% used [0x0000000081200000,0x0000000081f3d9a8,0x0000000084d80000)
 Metaspace       used 24602K, capacity 26150K, committed 26368K, reserved 1071104K
  class space    used 3492K, capacity 3779K, committed 3840K, reserved 1048576K
Event: 9.227 GC heap after
Heap after GC invocations=5 (full 1):
 PSYoungGen      total 62464K, used 3654K [0x00000000d5b80000, 0x00000000da580000, 0x0000000100000000)
  eden space 58368K, 0% used [0x00000000d5b80000,0x00000000d5b80000,0x00000000d9480000)
  from space 4096K, 89% used [0x00000000da180000,0x00000000da511af8,0x00000000da580000)
  to   space 5120K, 0% used [0x00000000d9b80000,0x00000000d9b80000,0x00000000da080000)
 ParOldGen       total 60928K, used 13566K [0x0000000081200000, 0x0000000084d80000, 0x00000000d5b80000)
  object space 60928K, 22% used [0x0000000081200000,0x0000000081f3f9a8,0x0000000084d80000)
 Metaspace       used 24602K, capacity 26150K, committed 26368K, reserved 1071104K
  class space    used 3492K, capacity 3779K, committed 3840K, reserved 1048576K
}

Deoptimization events (10 events):
Event: 9.300 Thread 0x0000000019250000 Uncommon trap: reason=unstable_if action=reinterpret pc=0x000000000342752c method=com.sun.prism.impl.BaseContext.flushVertexBuffer()V @ 4
Event: 9.305 Thread 0x000000001926e800 Uncommon trap: reason=unstable_if action=reinterpret pc=0x0000000002dc9ba8 method=javafx.scene.shape.LineTo.setX(D)V @ 10
Event: 9.306 Thread 0x000000001926e800 Uncommon trap: reason=unstable_if action=reinterpret pc=0x000000000362d8c0 method=javafx.scene.shape.LineTo.getX()D @ 4
Event: 9.308 Thread 0x000000001926e800 Uncommon trap: reason=unstable_if action=reinterpret pc=0x0000000002bfbdb0 method=javafx.scene.shape.LineTo.getX()D @ 4
Event: 9.410 Thread 0x0000000019250000 Uncommon trap: reason=class_check action=maybe_recompile pc=0x0000000003426860 method=com.sun.javafx.geom.transform.AffineBase.getType()I @ 9
Event: 9.651 Thread 0x000000001926e800 Uncommon trap: reason=bimorphic action=maybe_recompile pc=0x0000000002c92f40 method=javafx.scene.Node.impl_notifyLayoutBoundsChanged()V @ 42
Event: 9.651 Thread 0x000000001926e800 Uncommon trap: reason=bimorphic action=maybe_recompile pc=0x0000000002c92f40 method=javafx.scene.Node.impl_notifyLayoutBoundsChanged()V @ 42
Event: 9.652 Thread 0x000000001926e800 Uncommon trap: reason=bimorphic action=maybe_recompile pc=0x0000000002c92f40 method=javafx.scene.Node.impl_notifyLayoutBoundsChanged()V @ 42
Event: 9.652 Thread 0x000000001926e800 Uncommon trap: reason=bimorphic action=maybe_recompile pc=0x0000000002c92f40 method=javafx.scene.Node.impl_notifyLayoutBoundsChanged()V @ 42
Event: 11.608 Thread 0x000000001926e800 Uncommon trap: reason=unstable_if action=reinterpret pc=0x00000000037b9908 method=com.sun.javafx.geom.Shape.pointCrossingsForLine(FFFFFF)I @ 33

Internal exceptions (10 events):
Event: 5.574 Thread 0x000000001926e800 Exception <a 'java/lang/ArrayIndexOutOfBoundsException': 66> (0x00000000d6f86f18) thrown at [D:\re\puppet\workspace\8-2-build-windows-amd64-cygwin\jdk8u73\6086\hotspot\src\share\vm\interpreter\interpreterRuntime.cpp, line 366]
Event: 5.928 Thread 0x000000001926e800 Exception <a 'java/io/FileNotFoundException'> (0x00000000d5c68770) thrown at [D:\re\puppet\workspace\8-2-build-windows-amd64-cygwin\jdk8u73\6086\hotspot\src\share\vm\prims\jni.cpp, line 709]
Event: 5.953 Thread 0x000000001926e800 Implicit null exception at 0x0000000002d31270 to 0x0000000002d3187d
Event: 5.985 Thread 0x000000001926e800 Exception <a 'java/io/FileNotFoundException'> (0x00000000d5dbf600) thrown at [D:\re\puppet\workspace\8-2-build-windows-amd64-cygwin\jdk8u73\6086\hotspot\src\share\vm\prims\jni.cpp, line 709]
Event: 6.093 Thread 0x000000001926e800 Exception <a 'java/io/FileNotFoundException'> (0x00000000d5b8fc00) thrown at [D:\re\puppet\workspace\8-2-build-windows-amd64-cygwin\jdk8u73\6086\hotspot\src\share\vm\prims\jni.cpp, line 709]
Event: 7.696 Thread 0x000000001926e800 Implicit null exception at 0x0000000002caf4d6 to 0x0000000002caf815
Event: 7.721 Thread 0x000000001926e800 Implicit null exception at 0x000000000343484b to 0x00000000034348ed
Event: 8.657 Thread 0x000000001926e800 Implicit null exception at 0x00000000033c5bfd to 0x00000000033c71fd
Event: 9.306 Thread 0x000000001926e800 Implicit null exception at 0x000000000362d751 to 0x000000000362d8b5
Event: 9.307 Thread 0x000000001926e800 Implicit null exception at 0x0000000002bfba26 to 0x0000000002bfbda5

Events (10 events):
Event: 11.570 loading class com/sun/prism/impl/shape/OpenPiscesPrismUtils done
Event: 11.571 loading class com/sun/openpisces/Renderer
Event: 11.571 loading class com/sun/openpisces/Renderer done
Event: 11.571 loading class com/sun/openpisces/Dasher
Event: 11.571 loading class com/sun/openpisces/Dasher done
Event: 11.572 loading class com/sun/openpisces/TransformingPathConsumer2D$FilterSet
Event: 11.572 loading class com/sun/openpisces/TransformingPathConsumer2D$FilterSet done
Event: 11.608 Thread 0x000000001926e800 Uncommon trap: trap_request=0xffffff65 fr.pc=0x00000000037b9908
Event: 11.608 Thread 0x000000001926e800 DEOPT PACKING pc=0x00000000037b9908 sp=0x000000001a38bb90
Event: 11.608 Thread 0x000000001926e800 DEOPT UNPACKING pc=0x0000000002a2582a sp=0x000000001a38bb40 mode 2


Dynamic libraries:
0x00007ff63f9e0000 - 0x00007ff63fa17000 	C:\Program Files\Java\jdk1.8.0_73\bin\javaw.exe
0x00007ffe20280000 - 0x00007ffe2042d000 	C:\windows\SYSTEM32\ntdll.dll
0x00007ffe1daa0000 - 0x00007ffe1dbde000 	C:\windows\system32\KERNEL32.DLL
0x00007ffe1d730000 - 0x00007ffe1d845000 	C:\windows\system32\KERNELBASE.dll
0x00007ffe1b9b0000 - 0x00007ffe1ba3e000 	C:\windows\system32\apphelp.dll
0x00007ffe14e50000 - 0x00007ffe14ea3000 	C:\windows\AppPatch\AppPatch64\AcGenral.DLL
0x00007ffe20100000 - 0x00007ffe201aa000 	C:\windows\system32\msvcrt.dll
0x00007ffe1d140000 - 0x00007ffe1d16e000 	C:\windows\SYSTEM32\SspiCli.dll
0x00007ffe1e0e0000 - 0x00007ffe1e134000 	C:\windows\system32\SHLWAPI.dll
0x00007ffe1e1f0000 - 0x00007ffe1e367000 	C:\windows\system32\USER32.dll
0x00007ffe1d900000 - 0x00007ffe1da94000 	C:\windows\system32\ole32.dll
0x00007ffe1ebd0000 - 0x00007ffe200fa000 	C:\windows\system32\SHELL32.dll
0x00007ffe1c920000 - 0x00007ffe1c941000 	C:\windows\SYSTEM32\USERENV.dll
0x00007ffe1e140000 - 0x00007ffe1e1ea000 	C:\windows\system32\ADVAPI32.dll
0x00007ffe0f5b0000 - 0x00007ffe0f5ce000 	C:\windows\SYSTEM32\MPR.dll
0x00007ffe1ea80000 - 0x00007ffe1ebc1000 	C:\windows\system32\RPCRT4.dll
0x00007ffe20220000 - 0x00007ffe20279000 	C:\windows\SYSTEM32\sechost.dll
0x00007ffe1e790000 - 0x00007ffe1e9a1000 	C:\windows\SYSTEM32\combase.dll
0x00007ffe1e370000 - 0x00007ffe1e4c0000 	C:\windows\system32\GDI32.dll
0x00007ffe1d3d0000 - 0x00007ffe1d3e5000 	C:\windows\SYSTEM32\profapi.dll
0x00007ffe1bc20000 - 0x00007ffe1bcd2000 	C:\windows\SYSTEM32\SHCORE.dll
0x00007ffe1e4c0000 - 0x00007ffe1e4f6000 	C:\windows\system32\IMM32.DLL
0x00007ffe1df60000 - 0x00007ffe1e0b2000 	C:\windows\system32\MSCTF.dll
0x00007ffe1d380000 - 0x00007ffe1d3b1000 	C:\windows\system32\nvinitx.dll
0x00007ffe1d370000 - 0x00007ffe1d37a000 	C:\windows\SYSTEM32\VERSION.dll
0x0000000065670000 - 0x0000000065676000 	C:\Program Files\NVIDIA Corporation\CoProcManager\_etoured.dll
0x00007ffe1b900000 - 0x00007ffe1b931000 	C:\Program Files\NVIDIA Corporation\CoProcManager\nvd3d9wrapx.dll
0x00007ffe1dd70000 - 0x00007ffe1df4a000 	C:\windows\system32\SETUPAPI.dll
0x00007ffe1d500000 - 0x00007ffe1d54f000 	C:\windows\system32\CFGMGR32.dll
0x00007ffe1b8d0000 - 0x00007ffe1b8f2000 	C:\Program Files\NVIDIA Corporation\CoProcManager\nvdxgiwrapx.dll
0x00007ffe1b0a0000 - 0x00007ffe1b31b000 	C:\windows\WinSxS\amd64_microsoft.windows.common-controls_6595b64144ccf1df_6.0.9600.18006_none_623f33d3ecbe86e8\COMCTL32.dll
0x0000000063680000 - 0x0000000063752000 	C:\Program Files\Java\jdk1.8.0_73\jre\bin\msvcr100.dll
0x0000000063760000 - 0x0000000063ff0000 	C:\Program Files\Java\jdk1.8.0_73\jre\bin\server\jvm.dll
0x00007ffe0e3f0000 - 0x00007ffe0e3f9000 	C:\windows\SYSTEM32\WSOCK32.dll
0x00007ffe1b350000 - 0x00007ffe1b372000 	C:\windows\SYSTEM32\WINMM.dll
0x00007ffe1dbe0000 - 0x00007ffe1dbe7000 	C:\windows\system32\PSAPI.DLL
0x00007ffe201c0000 - 0x00007ffe2021a000 	C:\windows\system32\WS2_32.dll
0x00007ffe1b070000 - 0x00007ffe1b09a000 	C:\windows\SYSTEM32\WINMMBASE.dll
0x00007ffe1df50000 - 0x00007ffe1df59000 	C:\windows\system32\NSI.dll
0x00007ffe1c180000 - 0x00007ffe1c1a8000 	C:\windows\SYSTEM32\DEVOBJ.dll
0x00000000641a0000 - 0x00000000641af000 	C:\Program Files\Java\jdk1.8.0_73\jre\bin\verify.dll
0x0000000064170000 - 0x0000000064199000 	C:\Program Files\Java\jdk1.8.0_73\jre\bin\java.dll
0x0000000064150000 - 0x0000000064166000 	C:\Program Files\Java\jdk1.8.0_73\jre\bin\zip.dll
0x00007ffdf93b0000 - 0x00007ffdf949f000 	C:\Program Files\Java\jdk1.8.0_73\jre\bin\msvcr120.dll
0x00007ffe055c0000 - 0x00007ffe05666000 	C:\Program Files\Java\jdk1.8.0_73\jre\bin\msvcp120.dll
0x00000000640b0000 - 0x00000000640d3000 	C:\Program Files\Java\jdk1.8.0_73\jre\bin\prism_d3d.dll
0x00007ffe11f90000 - 0x00007ffe121b1000 	C:\windows\system32\d3d9.dll
0x00007ffe1b320000 - 0x00007ffe1b341000 	C:\windows\SYSTEM32\dwmapi.dll
0x00007ffe1d4a0000 - 0x00007ffe1d4f1000 	C:\windows\system32\WINTRUST.dll
0x0000000019ea0000 - 0x000000001a07f000 	C:\windows\system32\CRYPT32.dll
0x00007ffe1d480000 - 0x00007ffe1d491000 	C:\windows\system32\MSASN1.dll
0x00007ffe1bfc0000 - 0x00007ffe1c0e9000 	C:\windows\system32\uxtheme.dll
0x00007ffe1a4c0000 - 0x00007ffe1a5d6000 	C:\windows\SYSTEM32\nvumdshimx.dll
0x00007ffdf3920000 - 0x00007ffdf50da000 	C:\windows\system32\igdumdim64.dll
0x0000000064060000 - 0x00000000640a3000 	C:\Program Files\Java\jdk1.8.0_73\jre\bin\glass.dll
0x00007ffe1dbf0000 - 0x00007ffe1dca6000 	C:\windows\system32\COMDLG32.dll
0x00007ffe1e500000 - 0x00007ffe1e5c1000 	C:\windows\system32\OLEAUT32.dll
0x00007ffe1c0f0000 - 0x00007ffe1c0fb000 	C:\windows\SYSTEM32\kernel.appcore.dll
0x00007ffe1d1f0000 - 0x00007ffe1d1fb000 	C:\windows\SYSTEM32\CRYPTBASE.dll
0x00007ffe1d180000 - 0x00007ffe1d1e3000 	C:\windows\SYSTEM32\bcryptPrimitives.dll
0x0000000064030000 - 0x0000000064053000 	C:\Program Files\Java\jdk1.8.0_73\jre\bin\javafx_iio.dll
0x0000000063660000 - 0x0000000063674000 	C:\Program Files\Java\jdk1.8.0_73\jre\bin\javafx_font.dll
0x00007ffe18b10000 - 0x00007ffe18cfc000 	C:\windows\SYSTEM32\dwrite.dll
0x00007ffe1dcb0000 - 0x00007ffe1dd66000 	C:\windows\SYSTEM32\clbcatq.dll
0x00007ffe19370000 - 0x00007ffe1951e000 	C:\windows\SYSTEM32\WindowsCodecs.dll
0x00007ffe1cbf0000 - 0x00007ffe1cc10000 	C:\windows\SYSTEM32\CRYPTSP.dll
0x00007ffe1c810000 - 0x00007ffe1c846000 	C:\windows\system32\rsaenh.dll
0x00007ffe1ce40000 - 0x00007ffe1ce66000 	C:\windows\SYSTEM32\bcrypt.dll
0x0000000063640000 - 0x0000000063651000 	C:\Program Files\Java\jdk1.8.0_73\jre\bin\prism_common.dll
0x00000000634a0000 - 0x0000000063638000 	C:\Program Files\Java\jdk1.8.0_73\jre\bin\awt.dll
0x00007ffe16670000 - 0x00007ffe16af1000 	C:\windows\SYSTEM32\d2d1.dll
0x00007ffe18e60000 - 0x00007ffe19093000 	C:\windows\SYSTEM32\d3d11.dll
0x00007ffe190a0000 - 0x00007ffe19127000 	C:\windows\SYSTEM32\dxgi.dll
0x00007ffe0af40000 - 0x00007ffe0b19f000 	C:\windows\SYSTEM32\D3D10Warp.dll
0x0000000064130000 - 0x000000006414a000 	C:\Program Files\Java\jdk1.8.0_73\jre\bin\net.dll
0x00007ffe1cb90000 - 0x00007ffe1cbe9000 	C:\windows\system32\mswsock.dll
0x00007ffe181b0000 - 0x00007ffe181da000 	C:\windows\SYSTEM32\IPHLPAPI.DLL
0x00007ffe18180000 - 0x00007ffe1818a000 	C:\windows\SYSTEM32\WINNSI.DLL
0x00007ffe171c0000 - 0x00007ffe171d6000 	C:\windows\SYSTEM32\dhcpcsvc6.DLL
0x00007ffe17dd0000 - 0x00007ffe17dea000 	C:\windows\SYSTEM32\dhcpcsvc.DLL
0x0000000064110000 - 0x0000000064121000 	C:\Program Files\Java\jdk1.8.0_73\jre\bin\nio.dll
0x000000006d580000 - 0x000000006d63d000 	C:\Users\Matt\AppData\Local\Temp\sqlite-3.8.11.2-6353d2e7-552a-47eb-8733-2e00ea885ba2-sqlitejdbc.dll
0x00007ffdf7820000 - 0x00007ffdf79a9000 	C:\windows\SYSTEM32\dbghelp.dll

VM Arguments:
jvm_args: -Dfile.encoding=UTF-8 
java_command: Launcher
java_class_path (initial): C:\Users\Matt\GitHub\temp\seg-group3\bin;C:\Users\Matt\GitHub\temp\seg-group3\libs\sqlite-jdbc-3.8.11.2.jar;C:\Users\Matt\GitHub\temp\seg-group3\libs\controlsfx-8.40.10.jar;C:\Users\Matt\GitHub\temp\seg-group3\icons;C:\Users\Matt\.p2\pool\plugins\org.junit_4.12.0.v201504281640\junit.jar;C:\Users\Matt\.p2\pool\plugins\org.hamcrest.core_1.3.0.v201303031735.jar;C:\Users\Matt\GitHub\temp\seg-group3\libs\extfx-0.3.jar
Launcher Type: SUN_STANDARD

Environment Variables:
CLASSPATH=.;.;C:\PROGRA~2\JMF21~1.1E\lib\sound.jar;C:\PROGRA~2\JMF21~1.1E\lib\jmf.jar;C:\PROGRA~2\JMF21~1.1E\lib;
PATH=C:/Program Files/Java/jdk1.8.0_73/bin/../jre/bin/server;C:/Program Files/Java/jdk1.8.0_73/bin/../jre/bin;C:/Program Files/Java/jdk1.8.0_73/bin/../jre/lib/amd64;C:\Program Files (x86)\WinAVR\bin;C:\Program Files (x86)\WinAVR\utils\bin;C:\Program Files (x86)\GtkSharp\2.12\bin;C:\Program Files\Calibre\;C:\Windows\SysWOW64;C:\Cygwin\bin;C:\Program Files\Java\jdk1.8.0_73\bin;C:\Program Files (x86)\Nmap;C:\Users\Matt\AppData\Local\Programs\Git\cmd;C:\Users\Matt\AppData\Local\atom\bin;C:\Program Files (x86)\WinAVR\bin;C:\Program Files (x86)\DFU-Programmer;C:\Program Files\eclipse;
USERNAME=Matt
OS=Windows_NT
PROCESSOR_IDENTIFIER=Intel64 Family 6 Model 69 Stepping 1, GenuineIntel



---------------  S Y S T E M  ---------------

OS: Windows 8.1 , 64 bit Build 9600 (6.3.9600.17415)

CPU:total 4 (2 cores per cpu, 2 threads per core) family 6 model 69 stepping 1, cmov, cx8, fxsr, mmx, sse, sse2, sse3, ssse3, sse4.1, sse4.2, popcnt, avx, avx2, aes, clmul, erms, lzcnt, ht, tsc, tscinvbit, bmi1, bmi2

Memory: 4k page, physical 8310040k(3579988k free), swap 10063128k(3568356k free)

vm_info: Java HotSpot(TM) 64-Bit Server VM (25.73-b02) for windows-amd64 JRE (1.8.0_73-b02), built on Jan 29 2016 17:38:49 by "java_re" with MS VC++ 10.0 (VS2010)

time: Wed Mar 09 18:25:41 2016
elapsed time: 14 seconds (0d 0h 0m 14s)

