#
# A fatal error has been detected by the Java Runtime Environment:
#
#  EXCEPTION_ACCESS_VIOLATION (0xc0000005) at pc=0x000000006d599454, pid=560, tid=4748
#
# JRE version: Java(TM) SE Runtime Environment (8.0_73-b02) (build 1.8.0_73-b02)
# Java VM: Java HotSpot(TM) 64-Bit Server VM (25.73-b02 mixed mode windows-amd64 compressed oops)
# Problematic frame:
# C  [sqlite-3.8.11.2-336c1cd2-29b4-4e97-a55c-0d0567a1fd23-sqlitejdbc.dll+0x19454]
#
# Failed to write core dump. Minidumps are not enabled by default on client versions of Windows
#
# If you would like to submit a bug report, please visit:
#   http://bugreport.java.com/bugreport/crash.jsp
# The crash happened outside the Java Virtual Machine in native code.
# See problematic frame for where to report the bug.
#

---------------  T H R E A D  ---------------

Current thread (0x000000001b99b000):  JavaThread "Thread-5" [_thread_in_native, id=4748, stack(0x000000001fca0000,0x000000001fda0000)]

siginfo: ExceptionCode=0xc0000005, reading address 0x0000000020f27060

Registers:
RAX=0x000000006d6278a0, RBX=0x0000000020f27038, RCX=0x0000000020f27038, RDX=0x0000000000000000
RSP=0x000000001fd9ed50, RBP=0x000000001fd9ee60, RSI=0x000000002007300d, RDI=0x0000000001e97a70
R8 =0x0000000020f27038, R9 =0x0000000000000000, R10=0x0000000001ea690b, R11=0x0000000063989530
R12=0x0000000000000000, R13=0x00000000202e0b48, R14=0x000000001fd9ee98, R15=0x000000001b99b000
RIP=0x000000006d599454, EFLAGS=0x0000000000010202

Top of Stack: (sp=0x000000001fd9ed50)
0x000000001fd9ed50:   000000001fd9ee10 000000001fd9ee60
0x000000001fd9ed60:   000000001fd9ee60 000000001b99b000
0x000000001fd9ed70:   000000001fd9ee10 000000006399b09a
0x000000001fd9ed80:   0000000020f27038 000000006d5995ae
0x000000001fd9ed90:   000000002007300d 000000001b99b000
0x000000001fd9eda0:   0000000018ebc240 0000000063815d61
0x000000001fd9edb0:   000000001fd9f1f8 00000000202e0b48
0x000000001fd9edc0:   000000002007300d 0000000001ea6937
0x000000001fd9edd0:   0000000001e97a70 0000000001ea66d1
0x000000001fd9ede0:   000000001b99b000 00000000202e0b48
0x000000001fd9edf0:   000000002033cd70 0000000000000000
0x000000001fd9ee00:   000000001fd9ee18 0000000001ea6699
0x000000001fd9ee10:   0000000000000003 00000000da32c8d8
0x000000001fd9ee20:   000000001fd9ee10 00000000202e0b48
0x000000001fd9ee30:   000000001fd9ee98 0000000020331420
0x000000001fd9ee40:   0000000000000000 00000000202e0b48 

Instructions: (pc=0x000000006d599454)
0x000000006d599434:   48 ab 31 c0 eb ba 66 0f 1f 44 00 00 53 48 83 ec
0x000000006d599444:   30 48 8d 05 54 e4 08 00 48 85 c9 48 89 cb 74 42
0x000000006d599454:   4c 8b 41 28 4d 85 c0 74 04 85 d2 79 3f 4c 8b 03
0x000000006d599464:   48 8d 05 35 e4 08 00 4d 85 c0 74 26 49 8b 48 18 


Register to memory mapping:

RAX=0x000000006d6278a0 is an unknown value
RBX=0x0000000020f27038 is an unknown value
RCX=0x0000000020f27038 is an unknown value
RDX=0x0000000000000000 is an unknown value
RSP=0x000000001fd9ed50 is pointing into the stack for thread: 0x000000001b99b000
RBP=0x000000001fd9ee60 is pointing into the stack for thread: 0x000000001b99b000
RSI=0x000000002007300d is an unknown value
RDI=0x0000000001e97a70 is at code_begin+1456 in an Interpreter codelet
invoke return entry points  [0x0000000001e974c0, 0x0000000001e97dc0]  2304 bytes
R8 =0x0000000020f27038 is an unknown value
R9 =0x0000000000000000 is an unknown value
R10=0x0000000001ea690b is at code_begin+1227 in an Interpreter codelet
method entry point (kind = native_synchronized)  [0x0000000001ea6440, 0x0000000001ea6f20]  2784 bytes
R11=0x0000000063989530 is an unknown value
R12=0x0000000000000000 is an unknown value
R13={method} {0x00000000202e0b50} 'column_int' '(JI)I' in 'org/sqlite/core/NativeDB'
R14=0x000000001fd9ee98 is pointing into the stack for thread: 0x000000001b99b000
R15=0x000000001b99b000 is a thread


Stack: [0x000000001fca0000,0x000000001fda0000],  sp=0x000000001fd9ed50,  free space=1019k
Native frames: (J=compiled Java code, j=interpreted, Vv=VM code, C=native code)
C  [sqlite-3.8.11.2-336c1cd2-29b4-4e97-a55c-0d0567a1fd23-sqlitejdbc.dll+0x19454]
C  [sqlite-3.8.11.2-336c1cd2-29b4-4e97-a55c-0d0567a1fd23-sqlitejdbc.dll+0x195ae]
C  0x0000000001ea6937

Java frames: (J=compiled Java code, j=interpreted, Vv=VM code)
j  org.sqlite.core.NativeDB.column_int(JI)I+0
j  org.sqlite.jdbc3.JDBC3ResultSet.getInt(I)I+16
j  dashboard.view.MetricsSummaryConstructor.updateMetricsTable(Ldashboard/model/Filter;)Ljavafx/collections/ObservableList;+504
j  dashboard.view.AuctionController$1.run()V+14
v  ~StubRoutines::call_stub

---------------  P R O C E S S  ---------------

Java Threads: ( => current thread )
  0x000000001b99c000 JavaThread "DestroyJavaVM" [_thread_blocked, id=8472, stack(0x0000000001c70000,0x0000000001d70000)]
=>0x000000001b99b000 JavaThread "Thread-5" [_thread_in_native, id=4748, stack(0x000000001fca0000,0x000000001fda0000)]
  0x0000000019142800 JavaThread "AWT-Windows" daemon [_thread_in_native, id=2840, stack(0x0000000020150000,0x0000000020250000)]
  0x000000001c454800 JavaThread "Java2D Disposer" daemon [_thread_blocked, id=10204, stack(0x000000001f770000,0x000000001f870000)]
  0x0000000019026000 JavaThread "Prism Font Disposer" daemon [_thread_blocked, id=8708, stack(0x000000001e100000,0x000000001e200000)]
  0x0000000018b12000 JavaThread "Thread-3" daemon [_thread_in_native, id=2552, stack(0x000000001b0b0000,0x000000001b1b0000)]
  0x0000000018ab2800 JavaThread "Thread-2" daemon [_thread_blocked, id=10036, stack(0x00000000196d0000,0x00000000197d0000)]
  0x0000000016a9e000 JavaThread "Service Thread" daemon [_thread_blocked, id=7788, stack(0x0000000018790000,0x0000000018890000)]
  0x0000000016a4e800 JavaThread "C1 CompilerThread2" daemon [_thread_blocked, id=5492, stack(0x0000000018290000,0x0000000018390000)]
  0x0000000016a40800 JavaThread "C2 CompilerThread1" daemon [_thread_blocked, id=9152, stack(0x0000000018190000,0x0000000018290000)]
  0x0000000016a39000 JavaThread "C2 CompilerThread0" daemon [_thread_blocked, id=2648, stack(0x0000000018090000,0x0000000018190000)]
  0x0000000016a37800 JavaThread "Attach Listener" daemon [_thread_blocked, id=7620, stack(0x0000000017f90000,0x0000000018090000)]
  0x0000000016a36000 JavaThread "Signal Dispatcher" daemon [_thread_blocked, id=6060, stack(0x0000000017e90000,0x0000000017f90000)]
  0x0000000001e86800 JavaThread "Finalizer" daemon [_thread_blocked, id=4828, stack(0x0000000017ca0000,0x0000000017da0000)]
  0x0000000001e7e000 JavaThread "Reference Handler" daemon [_thread_blocked, id=5424, stack(0x0000000017ba0000,0x0000000017ca0000)]

Other Threads:
  0x0000000016a07000 VMThread [stack: 0x0000000017aa0000,0x0000000017ba0000] [id=5592]
  0x00000000183f2000 WatcherThread [stack: 0x0000000018890000,0x0000000018990000] [id=9356]

VM state:not at safepoint (normal execution)

VM Mutex/Monitor currently owned by a thread: None

Heap:
 PSYoungGen      total 59904K, used 21179K [0x00000000d5b80000, 0x00000000da580000, 0x0000000100000000)
  eden space 55808K, 31% used [0x00000000d5b80000,0x00000000d6cad3b8,0x00000000d9200000)
  from space 4096K, 87% used [0x00000000da180000,0x00000000da501af8,0x00000000da580000)
  to   space 5120K, 0% used [0x00000000d9b80000,0x00000000d9b80000,0x00000000da080000)
 ParOldGen       total 63488K, used 13587K [0x0000000081200000, 0x0000000085000000, 0x00000000d5b80000)
  object space 63488K, 21% used [0x0000000081200000,0x0000000081f44c60,0x0000000085000000)
 Metaspace       used 24955K, capacity 26602K, committed 26880K, reserved 1073152K
  class space    used 3504K, capacity 3795K, committed 3840K, reserved 1048576K

Card table byte_map: [0x0000000011250000,0x0000000011650000] byte_map_base: 0x0000000010e47000

Marking Bits: (ParMarkBitMap*) 0x0000000063f70600
 Begin Bits: [0x0000000011d00000, 0x0000000013cb8000)
 End Bits:   [0x0000000013cb8000, 0x0000000015c70000)

Polling page: 0x0000000001c40000

CodeCache: size=245760Kb used=14755Kb max_used=14762Kb free=231004Kb
 bounds [0x0000000001e90000, 0x0000000002d10000, 0x0000000010e90000]
 total_blobs=5078 nmethods=4336 adapters=653
 compilation: enabled

Compilation events (10 events):
Event: 13.859 Thread 0x0000000016a4e800 4374       3       javafx.scene.Scene$ScenePulseListener::focusCleanup (93 bytes)
Event: 13.861 Thread 0x0000000016a4e800 nmethod 4374 0x0000000002cfd610 code [0x0000000002cfda00, 0x0000000002d001a8]
Event: 13.916 Thread 0x0000000016a4e800 4375       3       java.util.concurrent.locks.AbstractQueuedSynchronizer::shouldParkAfterFailedAcquire (50 bytes)
Event: 13.916 Thread 0x0000000016a4e800 nmethod 4375 0x0000000002cf0410 code [0x0000000002cf0580, 0x0000000002cf08b0]
Event: 13.923 Thread 0x0000000016a40800 4376       4       com.sun.javafx.sg.prism.NGNode::markCullRegions (204 bytes)
Event: 13.936 Thread 0x0000000016a40800 nmethod 4376 0x0000000002d01890 code [0x0000000002d01a80, 0x0000000002d021f0]
Event: 14.006 Thread 0x0000000016a39000 4377       4       com.sun.javafx.geom.transform.AffineBase::isTranslateOrIdentity (22 bytes)
Event: 14.007 Thread 0x0000000016a39000 nmethod 4377 0x0000000002cc8950 code [0x0000000002cc8aa0, 0x0000000002cc8b48]
Event: 14.315 Thread 0x0000000016a40800 4378       4       java.lang.StringBuilder::append (8 bytes)
Event: 14.320 Thread 0x0000000016a40800 nmethod 4378 0x0000000002cefb10 code [0x0000000002cefc60, 0x0000000002cf0048]

GC Heap History (10 events):
Event: 0.974 GC heap before
{Heap before GC invocations=1 (full 0):
 PSYoungGen      total 38400K, used 33280K [0x00000000d5b80000, 0x00000000d8600000, 0x0000000100000000)
  eden space 33280K, 100% used [0x00000000d5b80000,0x00000000d7c00000,0x00000000d7c00000)
  from space 5120K, 0% used [0x00000000d8100000,0x00000000d8100000,0x00000000d8600000)
  to   space 5120K, 0% used [0x00000000d7c00000,0x00000000d7c00000,0x00000000d8100000)
 ParOldGen       total 87552K, used 0K [0x0000000081200000, 0x0000000086780000, 0x00000000d5b80000)
  object space 87552K, 0% used [0x0000000081200000,0x0000000081200000,0x0000000086780000)
 Metaspace       used 12657K, capacity 13168K, committed 13440K, reserved 1060864K
  class space    used 1725K, capacity 1882K, committed 1920K, reserved 1048576K
Event: 0.983 GC heap after
Heap after GC invocations=1 (full 0):
 PSYoungGen      total 38400K, used 5088K [0x00000000d5b80000, 0x00000000d8600000, 0x0000000100000000)
  eden space 33280K, 0% used [0x00000000d5b80000,0x00000000d5b80000,0x00000000d7c00000)
  from space 5120K, 99% used [0x00000000d7c00000,0x00000000d80f80b0,0x00000000d8100000)
  to   space 5120K, 0% used [0x00000000d8100000,0x00000000d8100000,0x00000000d8600000)
 ParOldGen       total 87552K, used 3601K [0x0000000081200000, 0x0000000086780000, 0x00000000d5b80000)
  object space 87552K, 4% used [0x0000000081200000,0x00000000815847c8,0x0000000086780000)
 Metaspace       used 12657K, capacity 13168K, committed 13440K, reserved 1060864K
  class space    used 1725K, capacity 1882K, committed 1920K, reserved 1048576K
}
Event: 4.910 GC heap before
{Heap before GC invocations=2 (full 0):
 PSYoungGen      total 38400K, used 38368K [0x00000000d5b80000, 0x00000000d8600000, 0x0000000100000000)
  eden space 33280K, 100% used [0x00000000d5b80000,0x00000000d7c00000,0x00000000d7c00000)
  from space 5120K, 99% used [0x00000000d7c00000,0x00000000d80f80b0,0x00000000d8100000)
  to   space 5120K, 0% used [0x00000000d8100000,0x00000000d8100000,0x00000000d8600000)
 ParOldGen       total 87552K, used 3601K [0x0000000081200000, 0x0000000086780000, 0x00000000d5b80000)
  object space 87552K, 4% used [0x0000000081200000,0x00000000815847c8,0x0000000086780000)
 Metaspace       used 19440K, capacity 20634K, committed 20864K, reserved 1067008K
  class space    used 2939K, capacity 3193K, committed 3200K, reserved 1048576K
Event: 4.921 GC heap after
Heap after GC invocations=2 (full 0):
 PSYoungGen      total 38400K, used 5088K [0x00000000d5b80000, 0x00000000d8600000, 0x0000000100000000)
  eden space 33280K, 0% used [0x00000000d5b80000,0x00000000d5b80000,0x00000000d7c00000)
  from space 5120K, 99% used [0x00000000d8100000,0x00000000d85f8090,0x00000000d8600000)
  to   space 5120K, 0% used [0x00000000d7c00000,0x00000000d7c00000,0x00000000d8100000)
 ParOldGen       total 87552K, used 9045K [0x0000000081200000, 0x0000000086780000, 0x00000000d5b80000)
  object space 87552K, 10% used [0x0000000081200000,0x0000000081ad54c8,0x0000000086780000)
 Metaspace       used 19440K, capacity 20634K, committed 20864K, reserved 1067008K
  class space    used 2939K, capacity 3193K, committed 3200K, reserved 1048576K
}
Event: 5.001 GC heap before
{Heap before GC invocations=3 (full 0):
 PSYoungGen      total 38400K, used 8147K [0x00000000d5b80000, 0x00000000d8600000, 0x0000000100000000)
  eden space 33280K, 9% used [0x00000000d5b80000,0x00000000d5e7cdd0,0x00000000d7c00000)
  from space 5120K, 99% used [0x00000000d8100000,0x00000000d85f8090,0x00000000d8600000)
  to   space 5120K, 0% used [0x00000000d7c00000,0x00000000d7c00000,0x00000000d8100000)
 ParOldGen       total 87552K, used 9045K [0x0000000081200000, 0x0000000086780000, 0x00000000d5b80000)
  object space 87552K, 10% used [0x0000000081200000,0x0000000081ad54c8,0x0000000086780000)
 Metaspace       used 19944K, capacity 21146K, committed 21248K, reserved 1067008K
  class space    used 2995K, capacity 3271K, committed 3328K, reserved 1048576K
Event: 5.009 GC heap after
Heap after GC invocations=3 (full 0):
 PSYoungGen      total 38400K, used 5088K [0x00000000d5b80000, 0x00000000da680000, 0x0000000100000000)
  eden space 33280K, 0% used [0x00000000d5b80000,0x00000000d5b80000,0x00000000d7c00000)
  from space 5120K, 99% used [0x00000000d7c00000,0x00000000d80f8090,0x00000000d8100000)
  to   space 5120K, 0% used [0x00000000da180000,0x00000000da180000,0x00000000da680000)
 ParOldGen       total 87552K, used 9349K [0x0000000081200000, 0x0000000086780000, 0x00000000d5b80000)
  object space 87552K, 10% used [0x0000000081200000,0x0000000081b214c8,0x0000000086780000)
 Metaspace       used 19944K, capacity 21146K, committed 21248K, reserved 1067008K
  class space    used 2995K, capacity 3271K, committed 3328K, reserved 1048576K
}
Event: 5.009 GC heap before
{Heap before GC invocations=4 (full 1):
 PSYoungGen      total 38400K, used 5088K [0x00000000d5b80000, 0x00000000da680000, 0x0000000100000000)
  eden space 33280K, 0% used [0x00000000d5b80000,0x00000000d5b80000,0x00000000d7c00000)
  from space 5120K, 99% used [0x00000000d7c00000,0x00000000d80f8090,0x00000000d8100000)
  to   space 5120K, 0% used [0x00000000da180000,0x00000000da180000,0x00000000da680000)
 ParOldGen       total 87552K, used 9349K [0x0000000081200000, 0x0000000086780000, 0x00000000d5b80000)
  object space 87552K, 10% used [0x0000000081200000,0x0000000081b214c8,0x0000000086780000)
 Metaspace       used 19944K, capacity 21146K, committed 21248K, reserved 1067008K
  class space    used 2995K, capacity 3271K, committed 3328K, reserved 1048576K
Event: 5.071 GC heap after
Heap after GC invocations=4 (full 1):
 PSYoungGen      total 38400K, used 0K [0x00000000d5b80000, 0x00000000da680000, 0x0000000100000000)
  eden space 33280K, 0% used [0x00000000d5b80000,0x00000000d5b80000,0x00000000d7c00000)
  from space 5120K, 0% used [0x00000000d7c00000,0x00000000d7c00000,0x00000000d8100000)
  to   space 5120K, 0% used [0x00000000da180000,0x00000000da180000,0x00000000da680000)
 ParOldGen       total 63488K, used 13579K [0x0000000081200000, 0x0000000085000000, 0x00000000d5b80000)
  object space 63488K, 21% used [0x0000000081200000,0x0000000081f42c60,0x0000000085000000)
 Metaspace       used 19944K, capacity 21146K, committed 21248K, reserved 1067008K
  class space    used 2995K, capacity 3271K, committed 3328K, reserved 1048576K
}
Event: 8.283 GC heap before
{Heap before GC invocations=5 (full 1):
 PSYoungGen      total 38400K, used 33280K [0x00000000d5b80000, 0x00000000da680000, 0x0000000100000000)
  eden space 33280K, 100% used [0x00000000d5b80000,0x00000000d7c00000,0x00000000d7c00000)
  from space 5120K, 0% used [0x00000000d7c00000,0x00000000d7c00000,0x00000000d8100000)
  to   space 5120K, 0% used [0x00000000da180000,0x00000000da180000,0x00000000da680000)
 ParOldGen       total 63488K, used 13579K [0x0000000081200000, 0x0000000085000000, 0x00000000d5b80000)
  object space 63488K, 21% used [0x0000000081200000,0x0000000081f42c60,0x0000000085000000)
 Metaspace       used 24553K, capacity 26162K, committed 26368K, reserved 1071104K
  class space    used 3490K, capacity 3779K, committed 3840K, reserved 1048576K
Event: 8.297 GC heap after
Heap after GC invocations=5 (full 1):
 PSYoungGen      total 59904K, used 3590K [0x00000000d5b80000, 0x00000000da580000, 0x0000000100000000)
  eden space 55808K, 0% used [0x00000000d5b80000,0x00000000d5b80000,0x00000000d9200000)
  from space 4096K, 87% used [0x00000000da180000,0x00000000da501af8,0x00000000da580000)
  to   space 5120K, 0% used [0x00000000d9b80000,0x00000000d9b80000,0x00000000da080000)
 ParOldGen       total 63488K, used 13587K [0x0000000081200000, 0x0000000085000000, 0x00000000d5b80000)
  object space 63488K, 21% used [0x0000000081200000,0x0000000081f44c60,0x0000000085000000)
 Metaspace       used 24553K, capacity 26162K, committed 26368K, reserved 1071104K
  class space    used 3490K, capacity 3779K, committed 3840K, reserved 1048576K
}

Deoptimization events (10 events):
Event: 8.320 Thread 0x0000000018abc000 Uncommon trap: reason=class_check action=maybe_recompile pc=0x0000000002b4ab14 method=java.lang.reflect.Array.newInstance(Ljava/lang/Class;I)Ljava/lang/Object; @ 2
Event: 8.387 Thread 0x0000000018abc000 Uncommon trap: reason=unstable_if action=reinterpret pc=0x0000000002b465e0 method=javafx.scene.shape.Path$2.onChanged(Ljavafx/collections/ListChangeListener$Change;)V @ 146
Event: 8.390 Thread 0x0000000018abc000 Uncommon trap: reason=unstable_if action=reinterpret pc=0x0000000002aaa8b0 method=javafx.scene.Node.updateBounds()V @ 70
Event: 8.398 Thread 0x000000001878d800 Uncommon trap: reason=unstable_if action=reinterpret pc=0x00000000028c9ca4 method=com.sun.prism.impl.BaseContext.flushVertexBuffer()V @ 4
Event: 8.399 Thread 0x0000000018abc000 Uncommon trap: reason=unstable_if action=reinterpret pc=0x0000000002b203a8 method=javafx.scene.shape.LineTo.setX(D)V @ 10
Event: 8.400 Thread 0x0000000018abc000 Uncommon trap: reason=unstable_if action=reinterpret pc=0x0000000002b438bc method=javafx.scene.shape.LineTo.getX()D @ 4
Event: 8.400 Thread 0x0000000018abc000 Uncommon trap: reason=unstable_if action=reinterpret pc=0x0000000002b2f6f0 method=javafx.scene.shape.LineTo.getX()D @ 4
Event: 12.593 Thread 0x0000000018abc000 Uncommon trap: reason=unstable_if action=reinterpret pc=0x0000000002722fc4 method=javafx.scene.Parent.setChildDirty(Ljavafx/scene/Node;Z)V @ 51
Event: 13.557 Thread 0x0000000018abc000 Uncommon trap: reason=bimorphic action=maybe_recompile pc=0x0000000002bb6c1c method=javafx.scene.Node.impl_pickNode(Lcom/sun/javafx/geom/PickRay;Lcom/sun/javafx/scene/input/PickResultChooser;)V @ 82
Event: 13.557 Thread 0x0000000018abc000 Uncommon trap: reason=bimorphic action=maybe_recompile pc=0x0000000002bb6c1c method=javafx.scene.Node.impl_pickNode(Lcom/sun/javafx/geom/PickRay;Lcom/sun/javafx/scene/input/PickResultChooser;)V @ 82

Internal exceptions (10 events):
Event: 4.958 Thread 0x0000000018abc000 Implicit null exception at 0x00000000021edb70 to 0x00000000021ee17d
Event: 4.990 Thread 0x0000000018abc000 Exception <a 'java/io/FileNotFoundException'> (0x00000000d5dfeab0) thrown at [D:\re\puppet\workspace\8-2-build-windows-amd64-cygwin\jdk8u73\6086\hotspot\src\share\vm\prims\jni.cpp, line 709]
Event: 5.102 Thread 0x0000000018abc000 Exception <a 'java/io/FileNotFoundException'> (0x00000000d5b8fc00) thrown at [D:\re\puppet\workspace\8-2-build-windows-amd64-cygwin\jdk8u73\6086\hotspot\src\share\vm\prims\jni.cpp, line 709]
Event: 6.793 Thread 0x0000000018abc000 Implicit null exception at 0x0000000002166116 to 0x0000000002166455
Event: 6.823 Thread 0x0000000018abc000 Implicit null exception at 0x00000000028cab0b to 0x00000000028cabad
Event: 6.911 Thread 0x0000000018abc000 Implicit null exception at 0x00000000028bccb0 to 0x00000000028bcd1d
Event: 7.721 Thread 0x0000000018abc000 Implicit null exception at 0x000000000285ea3d to 0x00000000028600ed
Event: 7.722 Thread 0x0000000018abc000 Implicit null exception at 0x000000000278b784 to 0x000000000278b7d5
Event: 8.400 Thread 0x0000000018abc000 Implicit null exception at 0x0000000002b43751 to 0x0000000002b438b1
Event: 8.400 Thread 0x0000000018abc000 Implicit null exception at 0x0000000002b2f366 to 0x0000000002b2f6e5

Events (10 events):
Event: 13.562 Executing VM operation: Deoptimize
Event: 13.562 Executing VM operation: Deoptimize done
Event: 13.562 loading class com/sun/prism/impl/shape/OpenPiscesPrismUtils
Event: 13.562 loading class com/sun/prism/impl/shape/OpenPiscesPrismUtils done
Event: 13.563 loading class com/sun/openpisces/Renderer
Event: 13.563 loading class com/sun/openpisces/Renderer done
Event: 13.563 loading class com/sun/openpisces/Dasher
Event: 13.563 loading class com/sun/openpisces/Dasher done
Event: 13.564 loading class com/sun/openpisces/TransformingPathConsumer2D$FilterSet
Event: 13.564 loading class com/sun/openpisces/TransformingPathConsumer2D$FilterSet done


Dynamic libraries:
0x00007ff63f9e0000 - 0x00007ff63fa17000 	C:\Program Files\Java\jdk1.8.0_73\bin\javaw.exe
0x00007ffe20280000 - 0x00007ffe2042d000 	C:\windows\SYSTEM32\ntdll.dll
0x00007ffe1daa0000 - 0x00007ffe1dbde000 	C:\windows\system32\KERNEL32.DLL
0x00007ffe1d730000 - 0x00007ffe1d845000 	C:\windows\system32\KERNELBASE.dll
0x00007ffe1b9b0000 - 0x00007ffe1ba3e000 	C:\windows\system32\apphelp.dll
0x00007ffe14e50000 - 0x00007ffe14ea3000 	C:\windows\AppPatch\AppPatch64\AcGenral.DLL
0x00007ffe20100000 - 0x00007ffe201aa000 	C:\windows\system32\msvcrt.dll
0x00007ffe1d140000 - 0x00007ffe1d16e000 	C:\windows\SYSTEM32\SspiCli.dll
0x00007ffe1e0e0000 - 0x00007ffe1e134000 	C:\windows\system32\SHLWAPI.dll
0x00007ffe1e1f0000 - 0x00007ffe1e367000 	C:\windows\system32\USER32.dll
0x00007ffe1d900000 - 0x00007ffe1da94000 	C:\windows\system32\ole32.dll
0x00007ffe1ebd0000 - 0x00007ffe200fa000 	C:\windows\system32\SHELL32.dll
0x00007ffe1c920000 - 0x00007ffe1c941000 	C:\windows\SYSTEM32\USERENV.dll
0x00007ffe1e140000 - 0x00007ffe1e1ea000 	C:\windows\system32\ADVAPI32.dll
0x00007ffe0f5b0000 - 0x00007ffe0f5ce000 	C:\windows\SYSTEM32\MPR.dll
0x00007ffe1ea80000 - 0x00007ffe1ebc1000 	C:\windows\system32\RPCRT4.dll
0x00007ffe20220000 - 0x00007ffe20279000 	C:\windows\SYSTEM32\sechost.dll
0x00007ffe1e790000 - 0x00007ffe1e9a1000 	C:\windows\SYSTEM32\combase.dll
0x00007ffe1e370000 - 0x00007ffe1e4c0000 	C:\windows\system32\GDI32.dll
0x00007ffe1d3d0000 - 0x00007ffe1d3e5000 	C:\windows\SYSTEM32\profapi.dll
0x00007ffe1bc20000 - 0x00007ffe1bcd2000 	C:\windows\SYSTEM32\SHCORE.dll
0x00007ffe1e4c0000 - 0x00007ffe1e4f6000 	C:\windows\system32\IMM32.DLL
0x00007ffe1df60000 - 0x00007ffe1e0b2000 	C:\windows\system32\MSCTF.dll
0x00007ffe1d380000 - 0x00007ffe1d3b1000 	C:\windows\system32\nvinitx.dll
0x00007ffe1d370000 - 0x00007ffe1d37a000 	C:\windows\SYSTEM32\VERSION.dll
0x0000000065670000 - 0x0000000065676000 	C:\Program Files\NVIDIA Corporation\CoProcManager\_etoured.dll
0x00007ffe1b900000 - 0x00007ffe1b931000 	C:\Program Files\NVIDIA Corporation\CoProcManager\nvd3d9wrapx.dll
0x00007ffe1dd70000 - 0x00007ffe1df4a000 	C:\windows\system32\SETUPAPI.dll
0x00007ffe1d500000 - 0x00007ffe1d54f000 	C:\windows\system32\CFGMGR32.dll
0x00007ffe1b8d0000 - 0x00007ffe1b8f2000 	C:\Program Files\NVIDIA Corporation\CoProcManager\nvdxgiwrapx.dll
0x00007ffe1b0a0000 - 0x00007ffe1b31b000 	C:\windows\WinSxS\amd64_microsoft.windows.common-controls_6595b64144ccf1df_6.0.9600.18006_none_623f33d3ecbe86e8\COMCTL32.dll
0x0000000063680000 - 0x0000000063752000 	C:\Program Files\Java\jdk1.8.0_73\jre\bin\msvcr100.dll
0x0000000063760000 - 0x0000000063ff0000 	C:\Program Files\Java\jdk1.8.0_73\jre\bin\server\jvm.dll
0x00007ffe0e3f0000 - 0x00007ffe0e3f9000 	C:\windows\SYSTEM32\WSOCK32.dll
0x00007ffe1b350000 - 0x00007ffe1b372000 	C:\windows\SYSTEM32\WINMM.dll
0x00007ffe1dbe0000 - 0x00007ffe1dbe7000 	C:\windows\system32\PSAPI.DLL
0x00007ffe201c0000 - 0x00007ffe2021a000 	C:\windows\system32\WS2_32.dll
0x00007ffe1b070000 - 0x00007ffe1b09a000 	C:\windows\SYSTEM32\WINMMBASE.dll
0x00007ffe1df50000 - 0x00007ffe1df59000 	C:\windows\system32\NSI.dll
0x00007ffe1c180000 - 0x00007ffe1c1a8000 	C:\windows\SYSTEM32\DEVOBJ.dll
0x00000000641a0000 - 0x00000000641af000 	C:\Program Files\Java\jdk1.8.0_73\jre\bin\verify.dll
0x0000000064170000 - 0x0000000064199000 	C:\Program Files\Java\jdk1.8.0_73\jre\bin\java.dll
0x0000000064150000 - 0x0000000064166000 	C:\Program Files\Java\jdk1.8.0_73\jre\bin\zip.dll
0x00007ffdf93b0000 - 0x00007ffdf949f000 	C:\Program Files\Java\jdk1.8.0_73\jre\bin\msvcr120.dll
0x00007ffe055c0000 - 0x00007ffe05666000 	C:\Program Files\Java\jdk1.8.0_73\jre\bin\msvcp120.dll
0x00000000640b0000 - 0x00000000640d3000 	C:\Program Files\Java\jdk1.8.0_73\jre\bin\prism_d3d.dll
0x00007ffe11f90000 - 0x00007ffe121b1000 	C:\windows\system32\d3d9.dll
0x00007ffe1b320000 - 0x00007ffe1b341000 	C:\windows\SYSTEM32\dwmapi.dll
0x00007ffe1d4a0000 - 0x00007ffe1d4f1000 	C:\windows\system32\WINTRUST.dll
0x0000000019390000 - 0x000000001956f000 	C:\windows\system32\CRYPT32.dll
0x00007ffe1d480000 - 0x00007ffe1d491000 	C:\windows\system32\MSASN1.dll
0x00007ffe1bfc0000 - 0x00007ffe1c0e9000 	C:\windows\system32\uxtheme.dll
0x00007ffe1a4c0000 - 0x00007ffe1a5d6000 	C:\windows\SYSTEM32\nvumdshimx.dll
0x00007ffdf3920000 - 0x00007ffdf50da000 	C:\windows\system32\igdumdim64.dll
0x0000000064060000 - 0x00000000640a3000 	C:\Program Files\Java\jdk1.8.0_73\jre\bin\glass.dll
0x00007ffe1dbf0000 - 0x00007ffe1dca6000 	C:\windows\system32\COMDLG32.dll
0x00007ffe1e500000 - 0x00007ffe1e5c1000 	C:\windows\system32\OLEAUT32.dll
0x00007ffe1c0f0000 - 0x00007ffe1c0fb000 	C:\windows\SYSTEM32\kernel.appcore.dll
0x00007ffe1d1f0000 - 0x00007ffe1d1fb000 	C:\windows\SYSTEM32\CRYPTBASE.dll
0x00007ffe1d180000 - 0x00007ffe1d1e3000 	C:\windows\SYSTEM32\bcryptPrimitives.dll
0x0000000064030000 - 0x0000000064053000 	C:\Program Files\Java\jdk1.8.0_73\jre\bin\javafx_iio.dll
0x0000000063660000 - 0x0000000063674000 	C:\Program Files\Java\jdk1.8.0_73\jre\bin\javafx_font.dll
0x00007ffe18b10000 - 0x00007ffe18cfc000 	C:\windows\SYSTEM32\dwrite.dll
0x00007ffe1dcb0000 - 0x00007ffe1dd66000 	C:\windows\SYSTEM32\clbcatq.dll
0x00007ffe19370000 - 0x00007ffe1951e000 	C:\windows\SYSTEM32\WindowsCodecs.dll
0x00007ffe1cbf0000 - 0x00007ffe1cc10000 	C:\windows\SYSTEM32\CRYPTSP.dll
0x00007ffe1c810000 - 0x00007ffe1c846000 	C:\windows\system32\rsaenh.dll
0x00007ffe1ce40000 - 0x00007ffe1ce66000 	C:\windows\SYSTEM32\bcrypt.dll
0x0000000063640000 - 0x0000000063651000 	C:\Program Files\Java\jdk1.8.0_73\jre\bin\prism_common.dll
0x00000000634a0000 - 0x0000000063638000 	C:\Program Files\Java\jdk1.8.0_73\jre\bin\awt.dll
0x00007ffe16670000 - 0x00007ffe16af1000 	C:\windows\SYSTEM32\d2d1.dll
0x00007ffe18e60000 - 0x00007ffe19093000 	C:\windows\SYSTEM32\d3d11.dll
0x00007ffe190a0000 - 0x00007ffe19127000 	C:\windows\SYSTEM32\dxgi.dll
0x00007ffe0af40000 - 0x00007ffe0b19f000 	C:\windows\SYSTEM32\D3D10Warp.dll
0x0000000064130000 - 0x000000006414a000 	C:\Program Files\Java\jdk1.8.0_73\jre\bin\net.dll
0x00007ffe1cb90000 - 0x00007ffe1cbe9000 	C:\windows\system32\mswsock.dll
0x00007ffe181b0000 - 0x00007ffe181da000 	C:\windows\SYSTEM32\IPHLPAPI.DLL
0x00007ffe18180000 - 0x00007ffe1818a000 	C:\windows\SYSTEM32\WINNSI.DLL
0x00007ffe171c0000 - 0x00007ffe171d6000 	C:\windows\SYSTEM32\dhcpcsvc6.DLL
0x00007ffe17dd0000 - 0x00007ffe17dea000 	C:\windows\SYSTEM32\dhcpcsvc.DLL
0x0000000064110000 - 0x0000000064121000 	C:\Program Files\Java\jdk1.8.0_73\jre\bin\nio.dll
0x000000006d580000 - 0x000000006d63d000 	C:\Users\Matt\AppData\Local\Temp\sqlite-3.8.11.2-336c1cd2-29b4-4e97-a55c-0d0567a1fd23-sqlitejdbc.dll
0x00007ffdf7820000 - 0x00007ffdf79a9000 	C:\windows\SYSTEM32\dbghelp.dll

VM Arguments:
jvm_args: -Dfile.encoding=UTF-8 
java_command: Launcher
java_class_path (initial): C:\Users\Matt\GitHub\temp\seg-group3\bin;C:\Users\Matt\GitHub\temp\seg-group3\libs\sqlite-jdbc-3.8.11.2.jar;C:\Users\Matt\GitHub\temp\seg-group3\libs\controlsfx-8.40.10.jar;C:\Users\Matt\GitHub\temp\seg-group3\icons;C:\Users\Matt\.p2\pool\plugins\org.junit_4.12.0.v201504281640\junit.jar;C:\Users\Matt\.p2\pool\plugins\org.hamcrest.core_1.3.0.v201303031735.jar;C:\Users\Matt\GitHub\temp\seg-group3\libs\extfx-0.3.jar
Launcher Type: SUN_STANDARD

Environment Variables:
CLASSPATH=.;.;C:\PROGRA~2\JMF21~1.1E\lib\sound.jar;C:\PROGRA~2\JMF21~1.1E\lib\jmf.jar;C:\PROGRA~2\JMF21~1.1E\lib;
PATH=C:/Program Files/Java/jdk1.8.0_73/bin/../jre/bin/server;C:/Program Files/Java/jdk1.8.0_73/bin/../jre/bin;C:/Program Files/Java/jdk1.8.0_73/bin/../jre/lib/amd64;C:\Program Files (x86)\WinAVR\bin;C:\Program Files (x86)\WinAVR\utils\bin;C:\Program Files (x86)\GtkSharp\2.12\bin;C:\Program Files\Calibre\;C:\Windows\SysWOW64;C:\Cygwin\bin;C:\Program Files\Java\jdk1.8.0_73\bin;C:\Program Files (x86)\Nmap;C:\Users\Matt\AppData\Local\Programs\Git\cmd;C:\Users\Matt\AppData\Local\atom\bin;C:\Program Files (x86)\WinAVR\bin;C:\Program Files (x86)\DFU-Programmer;C:\Program Files\eclipse;
USERNAME=Matt
OS=Windows_NT
PROCESSOR_IDENTIFIER=Intel64 Family 6 Model 69 Stepping 1, GenuineIntel



---------------  S Y S T E M  ---------------

OS: Windows 8.1 , 64 bit Build 9600 (6.3.9600.17415)

CPU:total 4 (2 cores per cpu, 2 threads per core) family 6 model 69 stepping 1, cmov, cx8, fxsr, mmx, sse, sse2, sse3, ssse3, sse4.1, sse4.2, popcnt, avx, avx2, aes, clmul, erms, lzcnt, ht, tsc, tscinvbit, bmi1, bmi2

Memory: 4k page, physical 8310040k(3602092k free), swap 10063128k(3602768k free)

vm_info: Java HotSpot(TM) 64-Bit Server VM (25.73-b02) for windows-amd64 JRE (1.8.0_73-b02), built on Jan 29 2016 17:38:49 by "java_re" with MS VC++ 10.0 (VS2010)

time: Wed Mar 09 18:22:40 2016
elapsed time: 15 seconds (0d 0h 0m 15s)

